{"/media/taha/work/published-npm-packs/rhf-form/src/auto-form/auto-form.tsx": {"path":"/media/taha/work/published-npm-packs/rhf-form/src/auto-form/auto-form.tsx","statementMap":{"0":{"start":{"line":23,"column":16},"end":{"line":23,"column":null}},"1":{"start":{"line":24,"column":15},"end":{"line":24,"column":33}},"2":{"start":{"line":26,"column":2},"end":{"line":52,"column":null}},"3":{"start":{"line":36,"column":28},"end":{"line":36,"column":null}},"4":{"start":{"line":37,"column":27},"end":{"line":40,"column":null}},"5":{"start":{"line":43,"column":8},"end":{"line":49,"column":null}}},"fnMap":{"0":{"name":"AutoForm","decl":{"start":{"line":16,"column":16},"end":{"line":16,"column":48}},"loc":{"start":{"line":22,"column":21},"end":{"line":52,"column":null}},"line":22},"1":{"name":"(anonymous_1)","decl":{"start":{"line":35,"column":12},"end":{"line":35,"column":17}},"loc":{"start":{"line":35,"column":25},"end":{"line":49,"column":null}},"line":35}},"branchMap":{"0":{"loc":{"start":{"line":20,"column":2},"end":{"line":20,"column":null}},"type":"default-arg","locations":[{"start":{"line":20,"column":11},"end":{"line":20,"column":null}}],"line":20},"1":{"loc":{"start":{"line":29,"column":8},"end":{"line":31,"column":null}},"type":"cond-expr","locations":[{"start":{"line":30,"column":12},"end":{"line":30,"column":null}},{"start":{"line":31,"column":12},"end":{"line":31,"column":null}}],"line":29}},"s":{"0":2,"1":2,"2":2,"3":4,"4":4,"5":4},"f":{"0":2,"1":4},"b":{"0":[2],"1":[2,0]},"meta":{"lastBranch":2,"lastFunction":2,"lastStatement":6,"seen":{"f:16:16:16:48":0,"b:20:11:20:Infinity":0,"s:23:16:23:Infinity":0,"s:24:15:24:33":1,"s:26:2:52:Infinity":2,"b:30:12:30:Infinity:31:12:31:Infinity":1,"f:35:12:35:17":1,"s:36:28:36:Infinity":3,"s:37:27:40:Infinity":4,"s:43:8:49:Infinity":5}}}
,"/media/taha/work/published-npm-packs/rhf-form/src/auto-form/field-resolver.ts": {"path":"/media/taha/work/published-npm-packs/rhf-form/src/auto-form/field-resolver.ts","statementMap":{"0":{"start":{"line":9,"column":19},"end":{"line":9,"column":null}},"1":{"start":{"line":11,"column":2},"end":{"line":13,"column":null}},"2":{"start":{"line":12,"column":24},"end":{"line":12,"column":null}},"3":{"start":{"line":13,"column":4},"end":{"line":13,"column":null}},"4":{"start":{"line":13,"column":44},"end":{"line":13,"column":72}},"5":{"start":{"line":16,"column":2},"end":{"line":22,"column":null}},"6":{"start":{"line":17,"column":23},"end":{"line":18,"column":null}},"7":{"start":{"line":20,"column":4},"end":{"line":22,"column":null}},"8":{"start":{"line":21,"column":23},"end":{"line":21,"column":47}},"9":{"start":{"line":22,"column":21},"end":{"line":22,"column":57}},"10":{"start":{"line":25,"column":2},"end":{"line":25,"column":null}},"11":{"start":{"line":34,"column":22},"end":{"line":34,"column":null}},"12":{"start":{"line":36,"column":4},"end":{"line":36,"column":67}},"13":{"start":{"line":37,"column":16},"end":{"line":37,"column":null}},"14":{"start":{"line":42,"column":4},"end":{"line":43,"column":37}},"15":{"start":{"line":45,"column":20},"end":{"line":45,"column":null}},"16":{"start":{"line":47,"column":18},"end":{"line":47,"column":51}},"17":{"start":{"line":49,"column":2},"end":{"line":56,"column":null}}},"fnMap":{"0":{"name":"extractEnumOptions","decl":{"start":{"line":8,"column":9},"end":{"line":8,"column":28}},"loc":{"start":{"line":8,"column":51},"end":{"line":25,"column":null}},"line":8},"1":{"name":"(anonymous_1)","decl":{"start":{"line":13,"column":22},"end":{"line":13,"column":27}},"loc":{"start":{"line":13,"column":44},"end":{"line":13,"column":72}},"line":13},"2":{"name":"(anonymous_2)","decl":{"start":{"line":21,"column":7},"end":{"line":21,"column":15}},"loc":{"start":{"line":21,"column":23},"end":{"line":21,"column":47}},"line":21},"3":{"name":"(anonymous_3)","decl":{"start":{"line":22,"column":7},"end":{"line":22,"column":12}},"loc":{"start":{"line":22,"column":21},"end":{"line":22,"column":57}},"line":22},"4":{"name":"resolveFieldInfo","decl":{"start":{"line":28,"column":16},"end":{"line":28,"column":null}},"loc":{"start":{"line":32,"column":2},"end":{"line":56,"column":null}},"line":32}},"branchMap":{"0":{"loc":{"start":{"line":11,"column":2},"end":{"line":13,"column":null}},"type":"if","locations":[{"start":{"line":11,"column":2},"end":{"line":13,"column":null}},{"start":{},"end":{}}],"line":11},"1":{"loc":{"start":{"line":16,"column":2},"end":{"line":22,"column":null}},"type":"if","locations":[{"start":{"line":16,"column":2},"end":{"line":22,"column":null}},{"start":{},"end":{}}],"line":16},"2":{"loc":{"start":{"line":37,"column":16},"end":{"line":37,"column":null}},"type":"binary-expr","locations":[{"start":{"line":37,"column":16},"end":{"line":37,"column":31}},{"start":{"line":37,"column":31},"end":{"line":37,"column":null}}],"line":37},"3":{"loc":{"start":{"line":45,"column":20},"end":{"line":45,"column":null}},"type":"binary-expr","locations":[{"start":{"line":45,"column":20},"end":{"line":45,"column":41}},{"start":{"line":45,"column":41},"end":{"line":45,"column":null}}],"line":45},"4":{"loc":{"start":{"line":54,"column":10},"end":{"line":54,"column":null}},"type":"cond-expr","locations":[{"start":{"line":54,"column":20},"end":{"line":54,"column":31}},{"start":{"line":54,"column":34},"end":{"line":54,"column":null}}],"line":54}},"s":{"0":4,"1":4,"2":0,"3":0,"4":0,"5":4,"6":0,"7":0,"8":0,"9":0,"10":4,"11":4,"12":4,"13":4,"14":4,"15":4,"16":4,"17":4},"f":{"0":4,"1":0,"2":0,"3":0,"4":4},"b":{"0":[0,4],"1":[0,4],"2":[4,0],"3":[4,4],"4":[0,4]},"meta":{"lastBranch":5,"lastFunction":5,"lastStatement":18,"seen":{"f:8:9:8:28":0,"s:9:19:9:Infinity":0,"b:11:2:13:Infinity:undefined:undefined:undefined:undefined":0,"s:11:2:13:Infinity":1,"s:12:24:12:Infinity":2,"s:13:4:13:Infinity":3,"f:13:22:13:27":1,"s:13:44:13:72":4,"b:16:2:22:Infinity:undefined:undefined:undefined:undefined":1,"s:16:2:22:Infinity":5,"s:17:23:18:Infinity":6,"s:20:4:22:Infinity":7,"f:21:7:21:15":2,"s:21:23:21:47":8,"f:22:7:22:12":3,"s:22:21:22:57":9,"s:25:2:25:Infinity":10,"f:28:16:28:Infinity":4,"s:34:22:34:Infinity":11,"s:36:4:36:67":12,"s:37:16:37:Infinity":13,"b:37:16:37:31:37:31:37:Infinity":2,"s:42:4:43:37":14,"s:45:20:45:Infinity":15,"b:45:20:45:41:45:41:45:Infinity":3,"s:47:18:47:51":16,"s:49:2:56:Infinity":17,"b:54:20:54:31:54:34:54:Infinity":4}}}
,"/media/taha/work/published-npm-packs/rhf-form/src/auto-form/index.ts": {"path":"/media/taha/work/published-npm-packs/rhf-form/src/auto-form/index.ts","statementMap":{},"fnMap":{},"branchMap":{},"s":{},"f":{},"b":{},"meta":{"lastBranch":0,"lastFunction":0,"lastStatement":0,"seen":{}}}
,"/media/taha/work/published-npm-packs/rhf-form/src/auto-form/zod-field-mapper.ts": {"path":"/media/taha/work/published-npm-packs/rhf-form/src/auto-form/zod-field-mapper.ts","statementMap":{"0":{"start":{"line":11,"column":20},"end":{"line":11,"column":null}},"1":{"start":{"line":12,"column":17},"end":{"line":12,"column":null}},"2":{"start":{"line":15,"column":2},"end":{"line":27,"column":null}},"3":{"start":{"line":20,"column":4},"end":{"line":25,"column":null}},"4":{"start":{"line":21,"column":6},"end":{"line":21,"column":null}},"5":{"start":{"line":22,"column":15},"end":{"line":25,"column":null}},"6":{"start":{"line":23,"column":6},"end":{"line":23,"column":null}},"7":{"start":{"line":25,"column":6},"end":{"line":25,"column":null}},"8":{"start":{"line":27,"column":4},"end":{"line":27,"column":null}},"9":{"start":{"line":30,"column":37},"end":{"line":30,"column":null}},"10":{"start":{"line":31,"column":35},"end":{"line":31,"column":37}},"11":{"start":{"line":33,"column":2},"end":{"line":56,"column":null}},"12":{"start":{"line":35,"column":6},"end":{"line":35,"column":null}},"13":{"start":{"line":39,"column":6},"end":{"line":39,"column":null}},"14":{"start":{"line":41,"column":6},"end":{"line":41,"column":null}},"15":{"start":{"line":42,"column":6},"end":{"line":42,"column":null}},"16":{"start":{"line":43,"column":6},"end":{"line":43,"column":null}},"17":{"start":{"line":45,"column":6},"end":{"line":45,"column":null}},"18":{"start":{"line":46,"column":6},"end":{"line":46,"column":null}},"19":{"start":{"line":49,"column":6},"end":{"line":49,"column":null}},"20":{"start":{"line":50,"column":6},"end":{"line":50,"column":null}},"21":{"start":{"line":52,"column":6},"end":{"line":52,"column":null}},"22":{"start":{"line":53,"column":6},"end":{"line":53,"column":null}},"23":{"start":{"line":55,"column":6},"end":{"line":55,"column":null}},"24":{"start":{"line":56,"column":6},"end":{"line":56,"column":null}},"25":{"start":{"line":59,"column":2},"end":{"line":59,"column":null}}},"fnMap":{"0":{"name":"getComponentForZodType","decl":{"start":{"line":10,"column":16},"end":{"line":10,"column":39}},"loc":{"start":{"line":10,"column":62},"end":{"line":59,"column":null}},"line":10}},"branchMap":{"0":{"loc":{"start":{"line":16,"column":4},"end":{"line":18,"column":null}},"type":"binary-expr","locations":[{"start":{"line":16,"column":4},"end":{"line":16,"column":null}},{"start":{"line":17,"column":4},"end":{"line":17,"column":null}},{"start":{"line":18,"column":4},"end":{"line":18,"column":null}}],"line":16},"1":{"loc":{"start":{"line":20,"column":4},"end":{"line":25,"column":null}},"type":"if","locations":[{"start":{"line":20,"column":4},"end":{"line":25,"column":null}},{"start":{"line":22,"column":15},"end":{"line":25,"column":null}}],"line":20},"2":{"loc":{"start":{"line":22,"column":15},"end":{"line":25,"column":null}},"type":"if","locations":[{"start":{"line":22,"column":15},"end":{"line":25,"column":null}},{"start":{"line":24,"column":11},"end":{"line":25,"column":null}}],"line":22},"3":{"loc":{"start":{"line":33,"column":2},"end":{"line":56,"column":null}},"type":"switch","locations":[{"start":{"line":34,"column":4},"end":{"line":39,"column":null}},{"start":{"line":40,"column":4},"end":{"line":43,"column":null}},{"start":{"line":44,"column":4},"end":{"line":46,"column":null}},{"start":{"line":47,"column":4},"end":{"line":47,"column":null}},{"start":{"line":48,"column":4},"end":{"line":50,"column":null}},{"start":{"line":51,"column":4},"end":{"line":53,"column":null}},{"start":{"line":54,"column":4},"end":{"line":56,"column":null}}],"line":33}},"s":{"0":13,"1":13,"2":13,"3":6,"4":0,"5":6,"6":6,"7":0,"8":6,"9":13,"10":13,"11":13,"12":9,"13":9,"14":1,"15":1,"16":1,"17":1,"18":1,"19":1,"20":1,"21":1,"22":1,"23":0,"24":0,"25":13},"f":{"0":13},"b":{"0":[13,17,15],"1":[0,6],"2":[6,0],"3":[9,1,1,1,1,1,0]},"meta":{"lastBranch":4,"lastFunction":1,"lastStatement":26,"seen":{"f:10:16:10:39":0,"s:11:20:11:Infinity":0,"s:12:17:12:Infinity":1,"s:15:2:27:Infinity":2,"b:16:4:16:Infinity:17:4:17:Infinity:18:4:18:Infinity":0,"b:20:4:25:Infinity:22:15:25:Infinity":1,"s:20:4:25:Infinity":3,"s:21:6:21:Infinity":4,"b:22:15:25:Infinity:24:11:25:Infinity":2,"s:22:15:25:Infinity":5,"s:23:6:23:Infinity":6,"s:25:6:25:Infinity":7,"s:27:4:27:Infinity":8,"s:30:37:30:Infinity":9,"s:31:35:31:37":10,"b:34:4:39:Infinity:40:4:43:Infinity:44:4:46:Infinity:47:4:47:Infinity:48:4:50:Infinity:51:4:53:Infinity:54:4:56:Infinity":3,"s:33:2:56:Infinity":11,"s:35:6:35:Infinity":12,"s:39:6:39:Infinity":13,"s:41:6:41:Infinity":14,"s:42:6:42:Infinity":15,"s:43:6:43:Infinity":16,"s:45:6:45:Infinity":17,"s:46:6:46:Infinity":18,"s:49:6:49:Infinity":19,"s:50:6:50:Infinity":20,"s:52:6:52:Infinity":21,"s:53:6:53:Infinity":22,"s:55:6:55:Infinity":23,"s:56:6:56:Infinity":24,"s:59:2:59:Infinity":25}}}
,"/media/taha/work/published-npm-packs/rhf-form/src/components/cards/main-card.tsx": {"path":"/media/taha/work/published-npm-packs/rhf-form/src/components/cards/main-card.tsx","statementMap":{"0":{"start":{"line":36,"column":4},"end":{"line":37,"column":17}},"1":{"start":{"line":38,"column":2},"end":{"line":68,"column":null}}},"fnMap":{"0":{"name":"MainCard","decl":{"start":{"line":21,"column":9},"end":{"line":21,"column":18}},"loc":{"start":{"line":29,"column":10},"end":{"line":68,"column":null}},"line":29}},"branchMap":{"0":{"loc":{"start":{"line":28,"column":2},"end":{"line":28,"column":null}},"type":"default-arg","locations":[{"start":{"line":28,"column":15},"end":{"line":28,"column":null}}],"line":28},"1":{"loc":{"start":{"line":47,"column":7},"end":{"line":48,"column":null}},"type":"binary-expr","locations":[{"start":{"line":47,"column":7},"end":{"line":47,"column":null}},{"start":{"line":48,"column":8},"end":{"line":48,"column":null}}],"line":47},"2":{"loc":{"start":{"line":54,"column":11},"end":{"line":55,"column":null}},"type":"binary-expr","locations":[{"start":{"line":54,"column":11},"end":{"line":54,"column":null}},{"start":{"line":55,"column":12},"end":{"line":55,"column":null}}],"line":54},"3":{"loc":{"start":{"line":58,"column":9},"end":{"line":58,"column":null}},"type":"binary-expr","locations":[{"start":{"line":58,"column":9},"end":{"line":58,"column":24}},{"start":{"line":58,"column":24},"end":{"line":58,"column":null}}],"line":58},"4":{"loc":{"start":{"line":65,"column":7},"end":{"line":68,"column":null}},"type":"binary-expr","locations":[{"start":{"line":65,"column":7},"end":{"line":65,"column":null}},{"start":{"line":66,"column":8},"end":{"line":68,"column":null}}],"line":65}},"s":{"0":0,"1":0},"f":{"0":0},"b":{"0":[0],"1":[0,0],"2":[0,0],"3":[0,0],"4":[0,0]},"meta":{"lastBranch":5,"lastFunction":1,"lastStatement":2,"seen":{"f:21:9:21:18":0,"b:28:15:28:Infinity":0,"s:36:4:37:17":0,"s:38:2:68:Infinity":1,"b:47:7:47:Infinity:48:8:48:Infinity":1,"b:54:11:54:Infinity:55:12:55:Infinity":2,"b:58:9:58:24:58:24:58:Infinity":3,"b:65:7:65:Infinity:66:8:68:Infinity":4}}}
,"/media/taha/work/published-npm-packs/rhf-form/src/components/fields/rhf-checkbox-field.tsx": {"path":"/media/taha/work/published-npm-packs/rhf-form/src/components/fields/rhf-checkbox-field.tsx","statementMap":{"0":{"start":{"line":29,"column":39},"end":{"line":29,"column":65}},"1":{"start":{"line":31,"column":2},"end":{"line":67,"column":null}},"2":{"start":{"line":36,"column":8},"end":{"line":64,"column":null}}},"fnMap":{"0":{"name":"RHFCheckboxField","decl":{"start":{"line":19,"column":16},"end":{"line":19,"column":56}},"loc":{"start":{"line":28,"column":29},"end":{"line":67,"column":null}},"line":28},"1":{"name":"(anonymous_1)","decl":{"start":{"line":35,"column":6},"end":{"line":35,"column":15}},"loc":{"start":{"line":36,"column":8},"end":{"line":64,"column":null}},"line":36}},"branchMap":{"0":{"loc":{"start":{"line":50,"column":14},"end":{"line":58,"column":null}},"type":"binary-expr","locations":[{"start":{"line":50,"column":14},"end":{"line":50,"column":23}},{"start":{"line":50,"column":23},"end":{"line":50,"column":null}},{"start":{"line":51,"column":14},"end":{"line":58,"column":null}}],"line":50},"1":{"loc":{"start":{"line":52,"column":17},"end":{"line":57,"column":null}},"type":"binary-expr","locations":[{"start":{"line":52,"column":17},"end":{"line":52,"column":null}},{"start":{"line":53,"column":18},"end":{"line":57,"column":null}}],"line":52},"2":{"loc":{"start":{"line":57,"column":17},"end":{"line":58,"column":null}},"type":"binary-expr","locations":[{"start":{"line":57,"column":17},"end":{"line":57,"column":null}},{"start":{"line":58,"column":18},"end":{"line":58,"column":null}}],"line":57},"3":{"loc":{"start":{"line":64,"column":11},"end":{"line":64,"column":null}},"type":"binary-expr","locations":[{"start":{"line":64,"column":11},"end":{"line":64,"column":31}},{"start":{"line":64,"column":31},"end":{"line":64,"column":null}}],"line":64}},"s":{"0":0,"1":0,"2":0},"f":{"0":0,"1":0},"b":{"0":[0,0,0],"1":[0,0],"2":[0,0],"3":[0,0]},"meta":{"lastBranch":4,"lastFunction":2,"lastStatement":3,"seen":{"f:19:16:19:56":0,"s:29:39:29:65":0,"s:31:2:67:Infinity":1,"f:35:6:35:15":1,"s:36:8:64:Infinity":2,"b:50:14:50:23:50:23:50:Infinity:51:14:58:Infinity":0,"b:52:17:52:Infinity:53:18:57:Infinity":1,"b:57:17:57:Infinity:58:18:58:Infinity":2,"b:64:11:64:31:64:31:64:Infinity":3}}}
,"/media/taha/work/published-npm-packs/rhf-form/src/components/fields/rhf-creatable-with-input-field.tsx": {"path":"/media/taha/work/published-npm-packs/rhf-form/src/components/fields/rhf-creatable-with-input-field.tsx","statementMap":{"0":{"start":{"line":13,"column":2},"end":{"line":13,"column":null}},"1":{"start":{"line":17,"column":2},"end":{"line":17,"column":null}},"2":{"start":{"line":46,"column":10},"end":{"line":46,"column":40}},"3":{"start":{"line":61,"column":4},"end":{"line":62,"column":17}},"4":{"start":{"line":63,"column":17},"end":{"line":63,"column":30}},"5":{"start":{"line":64,"column":26},"end":{"line":64,"column":47}},"6":{"start":{"line":65,"column":28},"end":{"line":65,"column":46}},"7":{"start":{"line":66,"column":2},"end":{"line":190,"column":null}},"8":{"start":{"line":71,"column":29},"end":{"line":71,"column":54}},"9":{"start":{"line":72,"column":31},"end":{"line":72,"column":76}},"10":{"start":{"line":72,"column":51},"end":{"line":72,"column":76}},"11":{"start":{"line":73,"column":29},"end":{"line":73,"column":null}},"12":{"start":{"line":75,"column":32},"end":{"line":75,"column":48}},"13":{"start":{"line":77,"column":10},"end":{"line":79,"column":null}},"14":{"start":{"line":79,"column":19},"end":{"line":79,"column":74}},"15":{"start":{"line":83,"column":20},"end":{"line":83,"column":36}},"16":{"start":{"line":84,"column":10},"end":{"line":84,"column":null}},"17":{"start":{"line":85,"column":10},"end":{"line":85,"column":null}},"18":{"start":{"line":86,"column":10},"end":{"line":86,"column":null}},"19":{"start":{"line":89,"column":8},"end":{"line":186,"column":null}},"20":{"start":{"line":95,"column":45},"end":{"line":95,"column":73}},"21":{"start":{"line":116,"column":20},"end":{"line":118,"column":null}},"22":{"start":{"line":117,"column":22},"end":{"line":117,"column":null}},"23":{"start":{"line":118,"column":22},"end":{"line":118,"column":null}},"24":{"start":{"line":134,"column":41},"end":{"line":134,"column":54}},"25":{"start":{"line":151,"column":42},"end":{"line":151,"column":55}},"26":{"start":{"line":161,"column":24},"end":{"line":178,"column":null}},"27":{"start":{"line":164,"column":42},"end":{"line":164,"column":59}}},"fnMap":{"0":{"name":"defaultAddLabel","decl":{"start":{"line":12,"column":9},"end":{"line":12,"column":25}},"loc":{"start":{"line":12,"column":36},"end":{"line":13,"column":null}},"line":12},"1":{"name":"defaultNormalize","decl":{"start":{"line":16,"column":9},"end":{"line":16,"column":26}},"loc":{"start":{"line":16,"column":37},"end":{"line":17,"column":null}},"line":16},"2":{"name":"RHFCreatableSelectField","decl":{"start":{"line":35,"column":16},"end":{"line":35,"column":63}},"loc":{"start":{"line":45,"column":36},"end":{"line":190,"column":null}},"line":45},"3":{"name":"(anonymous_3)","decl":{"start":{"line":70,"column":6},"end":{"line":70,"column":15}},"loc":{"start":{"line":70,"column":41},"end":{"line":186,"column":null}},"line":70},"4":{"name":"(anonymous_4)","decl":{"start":{"line":72,"column":39},"end":{"line":72,"column":45}},"loc":{"start":{"line":72,"column":51},"end":{"line":72,"column":76}},"line":72},"5":{"name":"(anonymous_5)","decl":{"start":{"line":78,"column":19},"end":{"line":78,"column":null}},"loc":{"start":{"line":79,"column":19},"end":{"line":79,"column":74}},"line":79},"6":{"name":"commit","decl":{"start":{"line":82,"column":17},"end":{"line":82,"column":24}},"loc":{"start":{"line":82,"column":39},"end":{"line":86,"column":null}},"line":82},"7":{"name":"(anonymous_7)","decl":{"start":{"line":95,"column":14},"end":{"line":95,"column":29}},"loc":{"start":{"line":95,"column":45},"end":{"line":95,"column":73}},"line":95},"8":{"name":"(anonymous_8)","decl":{"start":{"line":115,"column":18},"end":{"line":115,"column":30}},"loc":{"start":{"line":115,"column":57},"end":{"line":118,"column":null}},"line":115},"9":{"name":"(anonymous_9)","decl":{"start":{"line":134,"column":26},"end":{"line":134,"column":41}},"loc":{"start":{"line":134,"column":41},"end":{"line":134,"column":54}},"line":134},"10":{"name":"(anonymous_10)","decl":{"start":{"line":151,"column":26},"end":{"line":151,"column":42}},"loc":{"start":{"line":151,"column":42},"end":{"line":151,"column":55}},"line":151},"11":{"name":"(anonymous_11)","decl":{"start":{"line":160,"column":31},"end":{"line":160,"column":36}},"loc":{"start":{"line":161,"column":24},"end":{"line":178,"column":null}},"line":161},"12":{"name":"(anonymous_12)","decl":{"start":{"line":164,"column":26},"end":{"line":164,"column":42}},"loc":{"start":{"line":164,"column":42},"end":{"line":164,"column":59}},"line":164}},"branchMap":{"0":{"loc":{"start":{"line":40,"column":2},"end":{"line":40,"column":null}},"type":"default-arg","locations":[{"start":{"line":40,"column":16},"end":{"line":40,"column":null}}],"line":40},"1":{"loc":{"start":{"line":41,"column":2},"end":{"line":41,"column":null}},"type":"default-arg","locations":[{"start":{"line":41,"column":13},"end":{"line":41,"column":null}}],"line":41},"2":{"loc":{"start":{"line":44,"column":2},"end":{"line":44,"column":null}},"type":"default-arg","locations":[{"start":{"line":44,"column":14},"end":{"line":44,"column":null}}],"line":44},"3":{"loc":{"start":{"line":71,"column":36},"end":{"line":71,"column":54}},"type":"binary-expr","locations":[{"start":{"line":71,"column":36},"end":{"line":71,"column":51}},{"start":{"line":71,"column":51},"end":{"line":71,"column":54}}],"line":71},"4":{"loc":{"start":{"line":73,"column":29},"end":{"line":73,"column":null}},"type":"binary-expr","locations":[{"start":{"line":73,"column":29},"end":{"line":73,"column":55}},{"start":{"line":73,"column":55},"end":{"line":73,"column":71}},{"start":{"line":73,"column":71},"end":{"line":73,"column":null}}],"line":73},"5":{"loc":{"start":{"line":77,"column":10},"end":{"line":79,"column":null}},"type":"binary-expr","locations":[{"start":{"line":77,"column":10},"end":{"line":77,"column":null}},{"start":{"line":78,"column":10},"end":{"line":79,"column":null}}],"line":77},"6":{"loc":{"start":{"line":95,"column":45},"end":{"line":95,"column":73}},"type":"cond-expr","locations":[{"start":{"line":95,"column":56},"end":{"line":95,"column":63}},{"start":{"line":95,"column":63},"end":{"line":95,"column":73}}],"line":95},"7":{"loc":{"start":{"line":106,"column":27},"end":{"line":106,"column":null}},"type":"binary-expr","locations":[{"start":{"line":106,"column":27},"end":{"line":106,"column":50}},{"start":{"line":106,"column":54},"end":{"line":106,"column":null}}],"line":106},"8":{"loc":{"start":{"line":116,"column":20},"end":{"line":118,"column":null}},"type":"if","locations":[{"start":{"line":116,"column":20},"end":{"line":118,"column":null}},{"start":{},"end":{}}],"line":116},"9":{"loc":{"start":{"line":116,"column":24},"end":{"line":116,"column":53}},"type":"binary-expr","locations":[{"start":{"line":116,"column":24},"end":{"line":116,"column":45}},{"start":{"line":116,"column":45},"end":{"line":116,"column":53}}],"line":116},"10":{"loc":{"start":{"line":130,"column":23},"end":{"line":144,"column":null}},"type":"cond-expr","locations":[{"start":{"line":131,"column":24},"end":{"line":140,"column":25}},{"start":{"line":140,"column":24},"end":{"line":144,"column":null}}],"line":130},"11":{"loc":{"start":{"line":147,"column":21},"end":{"line":156,"column":null}},"type":"binary-expr","locations":[{"start":{"line":147,"column":21},"end":{"line":147,"column":null}},{"start":{"line":148,"column":22},"end":{"line":156,"column":null}}],"line":147},"12":{"loc":{"start":{"line":170,"column":30},"end":{"line":172,"column":null}},"type":"cond-expr","locations":[{"start":{"line":171,"column":34},"end":{"line":171,"column":null}},{"start":{"line":172,"column":34},"end":{"line":172,"column":null}}],"line":170},"13":{"loc":{"start":{"line":186,"column":13},"end":{"line":186,"column":null}},"type":"binary-expr","locations":[{"start":{"line":186,"column":13},"end":{"line":186,"column":33}},{"start":{"line":186,"column":33},"end":{"line":186,"column":null}}],"line":186}},"s":{"0":0,"1":0,"2":0,"3":0,"4":0,"5":0,"6":0,"7":0,"8":0,"9":0,"10":0,"11":0,"12":0,"13":0,"14":0,"15":0,"16":0,"17":0,"18":0,"19":0,"20":0,"21":0,"22":0,"23":0,"24":0,"25":0,"26":0,"27":0},"f":{"0":0,"1":0,"2":0,"3":0,"4":0,"5":0,"6":0,"7":0,"8":0,"9":0,"10":0,"11":0,"12":0},"b":{"0":[0],"1":[0],"2":[0],"3":[0,0],"4":[0,0,0],"5":[0,0],"6":[0,0],"7":[0,0],"8":[0,0],"9":[0,0],"10":[0,0],"11":[0,0],"12":[0,0],"13":[0,0]},"meta":{"lastBranch":14,"lastFunction":13,"lastStatement":28,"seen":{"f:12:9:12:25":0,"s:13:2:13:Infinity":0,"f:16:9:16:26":1,"s:17:2:17:Infinity":1,"f:35:16:35:63":2,"b:40:16:40:Infinity":0,"b:41:13:41:Infinity":1,"b:44:14:44:Infinity":2,"s:46:10:46:40":2,"s:61:4:62:17":3,"s:63:17:63:30":4,"s:64:26:64:47":5,"s:65:28:65:46":6,"s:66:2:190:Infinity":7,"f:70:6:70:15":3,"s:71:29:71:54":8,"b:71:36:71:51:71:51:71:54":3,"s:72:31:72:76":9,"f:72:39:72:45":4,"s:72:51:72:76":10,"s:73:29:73:Infinity":11,"b:73:29:73:55:73:55:73:71:73:71:73:Infinity":4,"s:75:32:75:48":12,"s:77:10:79:Infinity":13,"b:77:10:77:Infinity:78:10:79:Infinity":5,"f:78:19:78:Infinity":5,"s:79:19:79:74":14,"f:82:17:82:24":6,"s:83:20:83:36":15,"s:84:10:84:Infinity":16,"s:85:10:85:Infinity":17,"s:86:10:86:Infinity":18,"s:89:8:186:Infinity":19,"f:95:14:95:29":7,"s:95:45:95:73":20,"b:95:56:95:63:95:63:95:73":6,"b:106:27:106:50:106:54:106:Infinity":7,"f:115:18:115:30":8,"b:116:20:118:Infinity:undefined:undefined:undefined:undefined":8,"s:116:20:118:Infinity":21,"b:116:24:116:45:116:45:116:53":9,"s:117:22:117:Infinity":22,"s:118:22:118:Infinity":23,"b:131:24:140:25:140:24:144:Infinity":10,"f:134:26:134:41":9,"s:134:41:134:54":24,"b:147:21:147:Infinity:148:22:156:Infinity":11,"f:151:26:151:42":10,"s:151:42:151:55":25,"f:160:31:160:36":11,"s:161:24:178:Infinity":26,"f:164:26:164:42":12,"s:164:42:164:59":27,"b:171:34:171:Infinity:172:34:172:Infinity":12,"b:186:13:186:33:186:33:186:Infinity":13}}}
,"/media/taha/work/published-npm-packs/rhf-form/src/components/fields/rhf-date-picker-field.tsx": {"path":"/media/taha/work/published-npm-packs/rhf-form/src/components/fields/rhf-date-picker-field.tsx","statementMap":{"0":{"start":{"line":18,"column":26},"end":{"line":18,"column":47}},"1":{"start":{"line":29,"column":4},"end":{"line":30,"column":17}},"2":{"start":{"line":32,"column":2},"end":{"line":70,"column":null}},"3":{"start":{"line":37,"column":8},"end":{"line":67,"column":null}},"4":{"start":{"line":59,"column":18},"end":{"line":59,"column":null}},"5":{"start":{"line":60,"column":18},"end":{"line":60,"column":null}}},"fnMap":{"0":{"name":"RHFDatePickerField","decl":{"start":{"line":13,"column":16},"end":{"line":13,"column":58}},"loc":{"start":{"line":17,"column":31},"end":{"line":70,"column":null}},"line":17},"1":{"name":"(anonymous_1)","decl":{"start":{"line":36,"column":6},"end":{"line":36,"column":15}},"loc":{"start":{"line":37,"column":8},"end":{"line":67,"column":null}},"line":37},"2":{"name":"(anonymous_2)","decl":{"start":{"line":58,"column":16},"end":{"line":58,"column":27}},"loc":{"start":{"line":58,"column":54},"end":{"line":60,"column":null}},"line":58}},"branchMap":{"0":{"loc":{"start":{"line":47,"column":25},"end":{"line":47,"column":null}},"type":"cond-expr","locations":[{"start":{"line":47,"column":39},"end":{"line":47,"column":71}},{"start":{"line":47,"column":74},"end":{"line":47,"column":null}}],"line":47},"1":{"loc":{"start":{"line":67,"column":11},"end":{"line":67,"column":null}},"type":"binary-expr","locations":[{"start":{"line":67,"column":11},"end":{"line":67,"column":31}},{"start":{"line":67,"column":31},"end":{"line":67,"column":null}}],"line":67}},"s":{"0":0,"1":0,"2":0,"3":0,"4":0,"5":0},"f":{"0":0,"1":0,"2":0},"b":{"0":[0,0],"1":[0,0]},"meta":{"lastBranch":2,"lastFunction":3,"lastStatement":6,"seen":{"f:13:16:13:58":0,"s:18:26:18:47":0,"s:29:4:30:17":1,"s:32:2:70:Infinity":2,"f:36:6:36:15":1,"s:37:8:67:Infinity":3,"b:47:39:47:71:47:74:47:Infinity":0,"f:58:16:58:27":2,"s:59:18:59:Infinity":4,"s:60:18:60:Infinity":5,"b:67:11:67:31:67:31:67:Infinity":1}}}
,"/media/taha/work/published-npm-packs/rhf-form/src/components/fields/rhf-date-range-picker-field.tsx": {"path":"/media/taha/work/published-npm-packs/rhf-form/src/components/fields/rhf-date-range-picker-field.tsx","statementMap":{"0":{"start":{"line":22,"column":6},"end":{"line":65,"column":null}},"1":{"start":{"line":25,"column":21},"end":{"line":28,"column":null}},"2":{"start":{"line":32,"column":21},"end":{"line":35,"column":null}},"3":{"start":{"line":39,"column":21},"end":{"line":42,"column":null}},"4":{"start":{"line":46,"column":21},"end":{"line":49,"column":null}},"5":{"start":{"line":53,"column":21},"end":{"line":56,"column":null}},"6":{"start":{"line":60,"column":21},"end":{"line":63,"column":null}},"7":{"start":{"line":77,"column":26},"end":{"line":77,"column":47}},"8":{"start":{"line":78,"column":36},"end":{"line":78,"column":75}},"9":{"start":{"line":91,"column":4},"end":{"line":92,"column":17}},"10":{"start":{"line":94,"column":2},"end":{"line":203,"column":null}},"11":{"start":{"line":99,"column":22},"end":{"line":99,"column":null}},"12":{"start":{"line":100,"column":32},"end":{"line":104,"column":null}},"13":{"start":{"line":105,"column":8},"end":{"line":199,"column":null}},"14":{"start":{"line":112,"column":16},"end":{"line":112,"column":null}},"15":{"start":{"line":113,"column":16},"end":{"line":114,"column":null}},"16":{"start":{"line":114,"column":18},"end":{"line":114,"column":null}},"17":{"start":{"line":137,"column":20},"end":{"line":145,"column":null}},"18":{"start":{"line":142,"column":37},"end":{"line":142,"column":68}},"19":{"start":{"line":163,"column":24},"end":{"line":163,"column":null}},"20":{"start":{"line":175,"column":26},"end":{"line":175,"column":null}},"21":{"start":{"line":176,"column":26},"end":{"line":176,"column":null}},"22":{"start":{"line":187,"column":26},"end":{"line":187,"column":null}},"23":{"start":{"line":188,"column":26},"end":{"line":188,"column":null}}},"fnMap":{"0":{"name":"(anonymous_0)","decl":{"start":{"line":25,"column":4},"end":{"line":25,"column":21}},"loc":{"start":{"line":25,"column":21},"end":{"line":28,"column":null}},"line":25},"1":{"name":"(anonymous_1)","decl":{"start":{"line":32,"column":4},"end":{"line":32,"column":21}},"loc":{"start":{"line":32,"column":21},"end":{"line":35,"column":null}},"line":32},"2":{"name":"(anonymous_2)","decl":{"start":{"line":39,"column":4},"end":{"line":39,"column":21}},"loc":{"start":{"line":39,"column":21},"end":{"line":42,"column":null}},"line":39},"3":{"name":"(anonymous_3)","decl":{"start":{"line":46,"column":4},"end":{"line":46,"column":21}},"loc":{"start":{"line":46,"column":21},"end":{"line":49,"column":null}},"line":46},"4":{"name":"(anonymous_4)","decl":{"start":{"line":53,"column":4},"end":{"line":53,"column":21}},"loc":{"start":{"line":53,"column":21},"end":{"line":56,"column":null}},"line":53},"5":{"name":"(anonymous_5)","decl":{"start":{"line":60,"column":4},"end":{"line":60,"column":21}},"loc":{"start":{"line":60,"column":21},"end":{"line":63,"column":null}},"line":60},"6":{"name":"RHFDateRangePickerField","decl":{"start":{"line":72,"column":16},"end":{"line":72,"column":63}},"loc":{"start":{"line":76,"column":36},"end":{"line":203,"column":null}},"line":76},"7":{"name":"(anonymous_7)","decl":{"start":{"line":98,"column":6},"end":{"line":98,"column":15}},"loc":{"start":{"line":98,"column":41},"end":{"line":199,"column":null}},"line":98},"8":{"name":"(anonymous_8)","decl":{"start":{"line":111,"column":14},"end":{"line":111,"column":29}},"loc":{"start":{"line":111,"column":44},"end":{"line":114,"column":null}},"line":111},"9":{"name":"(anonymous_9)","decl":{"start":{"line":136,"column":37},"end":{"line":136,"column":42}},"loc":{"start":{"line":137,"column":20},"end":{"line":145,"column":null}},"line":137},"10":{"name":"(anonymous_10)","decl":{"start":{"line":142,"column":22},"end":{"line":142,"column":37}},"loc":{"start":{"line":142,"column":37},"end":{"line":142,"column":68}},"line":142},"11":{"name":"(anonymous_11)","decl":{"start":{"line":162,"column":22},"end":{"line":162,"column":37}},"loc":{"start":{"line":162,"column":37},"end":{"line":163,"column":null}},"line":162},"12":{"name":"(anonymous_12)","decl":{"start":{"line":174,"column":24},"end":{"line":174,"column":39}},"loc":{"start":{"line":174,"column":39},"end":{"line":176,"column":null}},"line":174},"13":{"name":"(anonymous_13)","decl":{"start":{"line":186,"column":24},"end":{"line":186,"column":39}},"loc":{"start":{"line":186,"column":39},"end":{"line":188,"column":null}},"line":186}},"branchMap":{"0":{"loc":{"start":{"line":100,"column":32},"end":{"line":104,"column":null}},"type":"cond-expr","locations":[{"start":{"line":101,"column":12},"end":{"line":103,"column":null}},{"start":{"line":104,"column":12},"end":{"line":104,"column":null}}],"line":100},"1":{"loc":{"start":{"line":101,"column":12},"end":{"line":103,"column":null}},"type":"cond-expr","locations":[{"start":{"line":102,"column":14},"end":{"line":102,"column":null}},{"start":{"line":103,"column":14},"end":{"line":103,"column":null}}],"line":101},"2":{"loc":{"start":{"line":101,"column":12},"end":{"line":101,"column":null}},"type":"binary-expr","locations":[{"start":{"line":101,"column":12},"end":{"line":101,"column":26}},{"start":{"line":101,"column":26},"end":{"line":101,"column":null}}],"line":101},"3":{"loc":{"start":{"line":113,"column":16},"end":{"line":114,"column":null}},"type":"if","locations":[{"start":{"line":113,"column":16},"end":{"line":114,"column":null}},{"start":{},"end":{}}],"line":113},"4":{"loc":{"start":{"line":185,"column":34},"end":{"line":185,"column":null}},"type":"binary-expr","locations":[{"start":{"line":185,"column":34},"end":{"line":185,"column":54}},{"start":{"line":185,"column":54},"end":{"line":185,"column":null}}],"line":185},"5":{"loc":{"start":{"line":199,"column":13},"end":{"line":199,"column":null}},"type":"binary-expr","locations":[{"start":{"line":199,"column":13},"end":{"line":199,"column":33}},{"start":{"line":199,"column":33},"end":{"line":199,"column":null}}],"line":199}},"s":{"0":0,"1":0,"2":0,"3":0,"4":0,"5":0,"6":0,"7":0,"8":0,"9":0,"10":0,"11":0,"12":0,"13":0,"14":0,"15":0,"16":0,"17":0,"18":0,"19":0,"20":0,"21":0,"22":0,"23":0},"f":{"0":0,"1":0,"2":0,"3":0,"4":0,"5":0,"6":0,"7":0,"8":0,"9":0,"10":0,"11":0,"12":0,"13":0},"b":{"0":[0,0],"1":[0,0],"2":[0,0],"3":[0,0],"4":[0,0],"5":[0,0]},"meta":{"lastBranch":6,"lastFunction":14,"lastStatement":24,"seen":{"s:22:6:65:Infinity":0,"f:25:4:25:21":0,"s:25:21:28:Infinity":1,"f:32:4:32:21":1,"s:32:21:35:Infinity":2,"f:39:4:39:21":2,"s:39:21:42:Infinity":3,"f:46:4:46:21":3,"s:46:21:49:Infinity":4,"f:53:4:53:21":4,"s:53:21:56:Infinity":5,"f:60:4:60:21":5,"s:60:21:63:Infinity":6,"f:72:16:72:63":6,"s:77:26:77:47":7,"s:78:36:78:75":8,"s:91:4:92:17":9,"s:94:2:203:Infinity":10,"f:98:6:98:15":7,"s:99:22:99:Infinity":11,"s:100:32:104:Infinity":12,"b:101:12:103:Infinity:104:12:104:Infinity":0,"b:102:14:102:Infinity:103:14:103:Infinity":1,"b:101:12:101:26:101:26:101:Infinity":2,"s:105:8:199:Infinity":13,"f:111:14:111:29":8,"s:112:16:112:Infinity":14,"b:113:16:114:Infinity:undefined:undefined:undefined:undefined":3,"s:113:16:114:Infinity":15,"s:114:18:114:Infinity":16,"f:136:37:136:42":9,"s:137:20:145:Infinity":17,"f:142:22:142:37":10,"s:142:37:142:68":18,"f:162:22:162:37":11,"s:163:24:163:Infinity":19,"f:174:24:174:39":12,"s:175:26:175:Infinity":20,"s:176:26:176:Infinity":21,"b:185:34:185:54:185:54:185:Infinity":4,"f:186:24:186:39":13,"s:187:26:187:Infinity":22,"s:188:26:188:Infinity":23,"b:199:13:199:33:199:33:199:Infinity":5}}}
,"/media/taha/work/published-npm-packs/rhf-form/src/components/fields/rhf-image-upload.tsx": {"path":"/media/taha/work/published-npm-packs/rhf-form/src/components/fields/rhf-image-upload.tsx","statementMap":{"0":{"start":{"line":46,"column":23},"end":{"line":46,"column":null}},"1":{"start":{"line":47,"column":10},"end":{"line":47,"column":null}},"2":{"start":{"line":50,"column":2},"end":{"line":50,"column":null}},"3":{"start":{"line":53,"column":2},"end":{"line":53,"column":null}},"4":{"start":{"line":56,"column":2},"end":{"line":56,"column":null}},"5":{"start":{"line":59,"column":6},"end":{"line":172,"column":null}},"6":{"start":{"line":104,"column":29},"end":{"line":104,"column":53}},"7":{"start":{"line":105,"column":2},"end":{"line":172,"column":null}},"8":{"start":{"line":201,"column":4},"end":{"line":202,"column":17}},"9":{"start":{"line":203,"column":19},"end":{"line":203,"column":62}},"10":{"start":{"line":205,"column":38},"end":{"line":205,"column":59}},"11":{"start":{"line":206,"column":38},"end":{"line":206,"column":73}},"12":{"start":{"line":207,"column":32},"end":{"line":207,"column":53}},"13":{"start":{"line":209,"column":34},"end":{"line":215,"column":null}},"14":{"start":{"line":210,"column":4},"end":{"line":212,"column":null}},"15":{"start":{"line":211,"column":19},"end":{"line":211,"column":36}},"16":{"start":{"line":212,"column":6},"end":{"line":212,"column":null}},"17":{"start":{"line":212,"column":30},"end":{"line":212,"column":70}},"18":{"start":{"line":214,"column":4},"end":{"line":214,"column":null}},"19":{"start":{"line":217,"column":2},"end":{"line":222,"column":null}},"20":{"start":{"line":218,"column":4},"end":{"line":219,"column":null}},"21":{"start":{"line":219,"column":6},"end":{"line":219,"column":null}},"22":{"start":{"line":219,"column":32},"end":{"line":219,"column":null}},"23":{"start":{"line":219,"column":44},"end":{"line":219,"column":null}},"24":{"start":{"line":224,"column":8},"end":{"line":226,"column":null}},"25":{"start":{"line":225,"column":4},"end":{"line":225,"column":null}},"26":{"start":{"line":225,"column":18},"end":{"line":225,"column":null}},"27":{"start":{"line":226,"column":4},"end":{"line":226,"column":null}},"28":{"start":{"line":229,"column":8},"end":{"line":235,"column":null}},"29":{"start":{"line":230,"column":21},"end":{"line":230,"column":43}},"30":{"start":{"line":231,"column":4},"end":{"line":233,"column":null}},"31":{"start":{"line":232,"column":6},"end":{"line":232,"column":null}},"32":{"start":{"line":232,"column":23},"end":{"line":232,"column":null}},"33":{"start":{"line":233,"column":6},"end":{"line":233,"column":null}},"34":{"start":{"line":233,"column":29},"end":{"line":233,"column":null}},"35":{"start":{"line":235,"column":4},"end":{"line":235,"column":null}},"36":{"start":{"line":238,"column":8},"end":{"line":248,"column":null}},"37":{"start":{"line":239,"column":17},"end":{"line":239,"column":56}},"38":{"start":{"line":240,"column":4},"end":{"line":240,"column":null}},"39":{"start":{"line":240,"column":20},"end":{"line":240,"column":null}},"40":{"start":{"line":242,"column":24},"end":{"line":243,"column":null}},"41":{"start":{"line":243,"column":26},"end":{"line":243,"column":66}},"42":{"start":{"line":245,"column":21},"end":{"line":246,"column":null}},"43":{"start":{"line":246,"column":13},"end":{"line":246,"column":70}},"44":{"start":{"line":248,"column":4},"end":{"line":248,"column":null}},"45":{"start":{"line":251,"column":8},"end":{"line":300,"column":null}},"46":{"start":{"line":256,"column":4},"end":{"line":256,"column":null}},"47":{"start":{"line":257,"column":4},"end":{"line":257,"column":null}},"48":{"start":{"line":257,"column":38},"end":{"line":257,"column":null}},"49":{"start":{"line":259,"column":19},"end":{"line":259,"column":36}},"50":{"start":{"line":261,"column":4},"end":{"line":280,"column":null}},"51":{"start":{"line":262,"column":24},"end":{"line":262,"column":35}},"52":{"start":{"line":263,"column":18},"end":{"line":263,"column":42}},"53":{"start":{"line":264,"column":6},"end":{"line":264,"column":null}},"54":{"start":{"line":264,"column":15},"end":{"line":264,"column":null}},"55":{"start":{"line":266,"column":6},"end":{"line":269,"column":null}},"56":{"start":{"line":267,"column":8},"end":{"line":267,"column":null}},"57":{"start":{"line":267,"column":30},"end":{"line":267,"column":null}},"58":{"start":{"line":267,"column":42},"end":{"line":267,"column":null}},"59":{"start":{"line":268,"column":8},"end":{"line":268,"column":null}},"60":{"start":{"line":271,"column":39},"end":{"line":276,"column":null}},"61":{"start":{"line":278,"column":6},"end":{"line":278,"column":null}},"62":{"start":{"line":279,"column":6},"end":{"line":279,"column":null}},"63":{"start":{"line":280,"column":6},"end":{"line":280,"column":null}},"64":{"start":{"line":283,"column":26},"end":{"line":283,"column":73}},"65":{"start":{"line":284,"column":19},"end":{"line":284,"column":61}},"66":{"start":{"line":286,"column":16},"end":{"line":286,"column":37}},"67":{"start":{"line":287,"column":4},"end":{"line":287,"column":null}},"68":{"start":{"line":287,"column":13},"end":{"line":287,"column":null}},"69":{"start":{"line":289,"column":27},"end":{"line":289,"column":61}},"70":{"start":{"line":290,"column":4},"end":{"line":290,"column":null}},"71":{"start":{"line":290,"column":37},"end":{"line":290,"column":null}},"72":{"start":{"line":292,"column":44},"end":{"line":297,"column":7}},"73":{"start":{"line":292,"column":71},"end":{"line":297,"column":7}},"74":{"start":{"line":299,"column":4},"end":{"line":299,"column":null}},"75":{"start":{"line":299,"column":26},"end":{"line":299,"column":56}},"76":{"start":{"line":300,"column":4},"end":{"line":300,"column":null}},"77":{"start":{"line":303,"column":8},"end":{"line":331,"column":null}},"78":{"start":{"line":308,"column":4},"end":{"line":308,"column":null}},"79":{"start":{"line":310,"column":17},"end":{"line":310,"column":null}},"80":{"start":{"line":312,"column":4},"end":{"line":317,"column":null}},"81":{"start":{"line":313,"column":19},"end":{"line":313,"column":28}},"82":{"start":{"line":314,"column":22},"end":{"line":314,"column":null}},"83":{"start":{"line":315,"column":6},"end":{"line":315,"column":null}},"84":{"start":{"line":315,"column":25},"end":{"line":315,"column":null}},"85":{"start":{"line":316,"column":6},"end":{"line":316,"column":null}},"86":{"start":{"line":319,"column":4},"end":{"line":321,"column":null}},"87":{"start":{"line":320,"column":6},"end":{"line":320,"column":null}},"88":{"start":{"line":321,"column":6},"end":{"line":321,"column":null}},"89":{"start":{"line":323,"column":4},"end":{"line":323,"column":null}},"90":{"start":{"line":323,"column":21},"end":{"line":323,"column":null}},"91":{"start":{"line":325,"column":20},"end":{"line":325,"column":53}},"92":{"start":{"line":326,"column":17},"end":{"line":329,"column":null}},"93":{"start":{"line":328,"column":8},"end":{"line":329,"column":null}},"94":{"start":{"line":331,"column":4},"end":{"line":331,"column":null}},"95":{"start":{"line":334,"column":8},"end":{"line":340,"column":null}},"96":{"start":{"line":335,"column":4},"end":{"line":335,"column":null}},"97":{"start":{"line":336,"column":4},"end":{"line":339,"column":null}},"98":{"start":{"line":337,"column":6},"end":{"line":337,"column":null}},"99":{"start":{"line":337,"column":28},"end":{"line":337,"column":null}},"100":{"start":{"line":337,"column":40},"end":{"line":337,"column":null}},"101":{"start":{"line":338,"column":6},"end":{"line":338,"column":null}},"102":{"start":{"line":340,"column":4},"end":{"line":340,"column":null}},"103":{"start":{"line":343,"column":8},"end":{"line":355,"column":null}},"104":{"start":{"line":348,"column":4},"end":{"line":348,"column":null}},"105":{"start":{"line":349,"column":4},"end":{"line":349,"column":null}},"106":{"start":{"line":350,"column":4},"end":{"line":350,"column":null}},"107":{"start":{"line":351,"column":4},"end":{"line":351,"column":null}},"108":{"start":{"line":351,"column":18},"end":{"line":351,"column":null}},"109":{"start":{"line":353,"column":15},"end":{"line":353,"column":null}},"110":{"start":{"line":354,"column":4},"end":{"line":354,"column":null}},"111":{"start":{"line":354,"column":28},"end":{"line":354,"column":null}},"112":{"start":{"line":355,"column":4},"end":{"line":355,"column":null}},"113":{"start":{"line":358,"column":8},"end":{"line":379,"column":null}},"114":{"start":{"line":363,"column":4},"end":{"line":363,"column":null}},"115":{"start":{"line":363,"column":18},"end":{"line":363,"column":null}},"116":{"start":{"line":365,"column":18},"end":{"line":365,"column":null}},"117":{"start":{"line":366,"column":4},"end":{"line":366,"column":null}},"118":{"start":{"line":366,"column":24},"end":{"line":366,"column":null}},"119":{"start":{"line":368,"column":26},"end":{"line":368,"column":28}},"120":{"start":{"line":369,"column":4},"end":{"line":372,"column":null}},"121":{"start":{"line":370,"column":6},"end":{"line":372,"column":null}},"122":{"start":{"line":371,"column":18},"end":{"line":371,"column":32}},"123":{"start":{"line":372,"column":8},"end":{"line":372,"column":null}},"124":{"start":{"line":372,"column":15},"end":{"line":372,"column":null}},"125":{"start":{"line":375,"column":4},"end":{"line":375,"column":null}},"126":{"start":{"line":375,"column":28},"end":{"line":375,"column":null}},"127":{"start":{"line":377,"column":15},"end":{"line":377,"column":33}},"128":{"start":{"line":378,"column":4},"end":{"line":378,"column":null}},"129":{"start":{"line":378,"column":25},"end":{"line":378,"column":40}},"130":{"start":{"line":379,"column":4},"end":{"line":379,"column":null}},"131":{"start":{"line":382,"column":2},"end":{"line":658,"column":null}},"132":{"start":{"line":387,"column":26},"end":{"line":387,"column":null}},"133":{"start":{"line":389,"column":30},"end":{"line":395,"column":null}},"134":{"start":{"line":397,"column":25},"end":{"line":397,"column":null}},"135":{"start":{"line":398,"column":24},"end":{"line":400,"column":null}},"136":{"start":{"line":403,"column":29},"end":{"line":403,"column":null}},"137":{"start":{"line":405,"column":27},"end":{"line":405,"column":null}},"138":{"start":{"line":406,"column":29},"end":{"line":406,"column":null}},"139":{"start":{"line":407,"column":30},"end":{"line":407,"column":null}},"140":{"start":{"line":409,"column":28},"end":{"line":415,"column":null}},"141":{"start":{"line":417,"column":31},"end":{"line":417,"column":null}},"142":{"start":{"line":419,"column":35},"end":{"line":448,"column":null}},"143":{"start":{"line":421,"column":25},"end":{"line":421,"column":41}},"144":{"start":{"line":422,"column":24},"end":{"line":422,"column":41}},"145":{"start":{"line":424,"column":12},"end":{"line":426,"column":null}},"146":{"start":{"line":425,"column":14},"end":{"line":425,"column":null}},"147":{"start":{"line":426,"column":14},"end":{"line":426,"column":null}},"148":{"start":{"line":430,"column":12},"end":{"line":430,"column":53}},"149":{"start":{"line":432,"column":12},"end":{"line":432,"column":null}},"150":{"start":{"line":433,"column":12},"end":{"line":433,"column":null}},"151":{"start":{"line":434,"column":12},"end":{"line":434,"column":null}},"152":{"start":{"line":434,"column":27},"end":{"line":434,"column":null}},"153":{"start":{"line":437,"column":12},"end":{"line":437,"column":null}},"154":{"start":{"line":438,"column":12},"end":{"line":438,"column":null}},"155":{"start":{"line":439,"column":12},"end":{"line":439,"column":null}},"156":{"start":{"line":439,"column":27},"end":{"line":439,"column":null}},"157":{"start":{"line":442,"column":12},"end":{"line":442,"column":null}},"158":{"start":{"line":443,"column":12},"end":{"line":443,"column":null}},"159":{"start":{"line":444,"column":12},"end":{"line":444,"column":null}},"160":{"start":{"line":447,"column":12},"end":{"line":447,"column":null}},"161":{"start":{"line":450,"column":8},"end":{"line":654,"column":null}},"162":{"start":{"line":473,"column":37},"end":{"line":473,"column":55}},"163":{"start":{"line":492,"column":16},"end":{"line":492,"column":null}},"164":{"start":{"line":595,"column":22},"end":{"line":644,"column":null}},"165":{"start":{"line":613,"column":36},"end":{"line":613,"column":null}},"166":{"start":{"line":614,"column":36},"end":{"line":618,"column":null}}},"fnMap":{"0":{"name":"bytesFromMB","decl":{"start":{"line":49,"column":9},"end":{"line":49,"column":21}},"loc":{"start":{"line":49,"column":33},"end":{"line":50,"column":null}},"line":49},"1":{"name":"isImage","decl":{"start":{"line":52,"column":9},"end":{"line":52,"column":17}},"loc":{"start":{"line":52,"column":29},"end":{"line":53,"column":null}},"line":52},"2":{"name":"uid","decl":{"start":{"line":55,"column":9},"end":{"line":55,"column":15}},"loc":{"start":{"line":55,"column":15},"end":{"line":56,"column":null}},"line":55},"3":{"name":"(anonymous_3)","decl":{"start":{"line":59,"column":6},"end":{"line":59,"column":18}},"loc":{"start":{"line":103,"column":6},"end":{"line":172,"column":null}},"line":103},"4":{"name":"RHFImageUpload","decl":{"start":{"line":176,"column":16},"end":{"line":176,"column":54}},"loc":{"start":{"line":191,"column":27},"end":{"line":658,"column":null}},"line":191},"5":{"name":"(anonymous_5)","decl":{"start":{"line":209,"column":40},"end":{"line":209,"column":70}},"loc":{"start":{"line":209,"column":70},"end":{"line":215,"column":null}},"line":209},"6":{"name":"(anonymous_6)","decl":{"start":{"line":212,"column":18},"end":{"line":212,"column":23}},"loc":{"start":{"line":212,"column":30},"end":{"line":212,"column":70}},"line":212},"7":{"name":"(anonymous_7)","decl":{"start":{"line":217,"column":8},"end":{"line":217,"column":24}},"loc":{"start":{"line":217,"column":24},"end":{"line":222,"column":7}},"line":217},"8":{"name":"(anonymous_8)","decl":{"start":{"line":218,"column":4},"end":{"line":218,"column":17}},"loc":{"start":{"line":218,"column":17},"end":{"line":219,"column":null}},"line":218},"9":{"name":"(anonymous_9)","decl":{"start":{"line":224,"column":8},"end":{"line":224,"column":27}},"loc":{"start":{"line":224,"column":27},"end":{"line":226,"column":null}},"line":224},"10":{"name":"(anonymous_10)","decl":{"start":{"line":229,"column":8},"end":{"line":229,"column":25}},"loc":{"start":{"line":229,"column":43},"end":{"line":235,"column":null}},"line":229},"11":{"name":"(anonymous_11)","decl":{"start":{"line":238,"column":8},"end":{"line":238,"column":31}},"loc":{"start":{"line":238,"column":70},"end":{"line":248,"column":null}},"line":238},"12":{"name":"(anonymous_12)","decl":{"start":{"line":243,"column":15},"end":{"line":243,"column":20}},"loc":{"start":{"line":243,"column":26},"end":{"line":243,"column":66}},"line":243},"13":{"name":"(anonymous_13)","decl":{"start":{"line":245,"column":30},"end":{"line":245,"column":null}},"loc":{"start":{"line":246,"column":13},"end":{"line":246,"column":70}},"line":246},"14":{"name":"(anonymous_14)","decl":{"start":{"line":251,"column":8},"end":{"line":251,"column":null}},"loc":{"start":{"line":255,"column":7},"end":{"line":300,"column":null}},"line":255},"15":{"name":"(anonymous_15)","decl":{"start":{"line":266,"column":6},"end":{"line":266,"column":19}},"loc":{"start":{"line":266,"column":28},"end":{"line":269,"column":null}},"line":266},"16":{"name":"(anonymous_16)","decl":{"start":{"line":292,"column":59},"end":{"line":292,"column":64}},"loc":{"start":{"line":292,"column":71},"end":{"line":297,"column":7}},"line":292},"17":{"name":"(anonymous_17)","decl":{"start":{"line":299,"column":4},"end":{"line":299,"column":17}},"loc":{"start":{"line":299,"column":26},"end":{"line":299,"column":56}},"line":299},"18":{"name":"(anonymous_18)","decl":{"start":{"line":303,"column":8},"end":{"line":303,"column":null}},"loc":{"start":{"line":307,"column":7},"end":{"line":331,"column":null}},"line":307},"19":{"name":"(anonymous_19)","decl":{"start":{"line":312,"column":4},"end":{"line":312,"column":17}},"loc":{"start":{"line":312,"column":26},"end":{"line":317,"column":null}},"line":312},"20":{"name":"(anonymous_20)","decl":{"start":{"line":326,"column":25},"end":{"line":326,"column":null}},"loc":{"start":{"line":328,"column":8},"end":{"line":329,"column":null}},"line":328},"21":{"name":"(anonymous_21)","decl":{"start":{"line":334,"column":8},"end":{"line":334,"column":20}},"loc":{"start":{"line":334,"column":58},"end":{"line":340,"column":null}},"line":334},"22":{"name":"(anonymous_22)","decl":{"start":{"line":336,"column":4},"end":{"line":336,"column":17}},"loc":{"start":{"line":336,"column":26},"end":{"line":339,"column":null}},"line":336},"23":{"name":"(anonymous_23)","decl":{"start":{"line":343,"column":8},"end":{"line":343,"column":null}},"loc":{"start":{"line":347,"column":7},"end":{"line":355,"column":null}},"line":347},"24":{"name":"(anonymous_24)","decl":{"start":{"line":358,"column":8},"end":{"line":358,"column":null}},"loc":{"start":{"line":362,"column":7},"end":{"line":379,"column":null}},"line":362},"25":{"name":"(anonymous_25)","decl":{"start":{"line":378,"column":10},"end":{"line":378,"column":19}},"loc":{"start":{"line":378,"column":25},"end":{"line":378,"column":40}},"line":378},"26":{"name":"(anonymous_26)","decl":{"start":{"line":386,"column":6},"end":{"line":386,"column":15}},"loc":{"start":{"line":386,"column":73},"end":{"line":654,"column":null}},"line":386},"27":{"name":"(anonymous_27)","decl":{"start":{"line":421,"column":10},"end":{"line":421,"column":25}},"loc":{"start":{"line":421,"column":25},"end":{"line":421,"column":41}},"line":421},"28":{"name":"(anonymous_28)","decl":{"start":{"line":422,"column":10},"end":{"line":422,"column":24}},"loc":{"start":{"line":422,"column":24},"end":{"line":422,"column":41}},"line":422},"29":{"name":"(anonymous_29)","decl":{"start":{"line":423,"column":10},"end":{"line":423,"column":22}},"loc":{"start":{"line":423,"column":49},"end":{"line":426,"column":null}},"line":423},"30":{"name":"(anonymous_30)","decl":{"start":{"line":429,"column":10},"end":{"line":429,"column":20}},"loc":{"start":{"line":430,"column":12},"end":{"line":430,"column":53}},"line":430},"31":{"name":"(anonymous_31)","decl":{"start":{"line":431,"column":10},"end":{"line":431,"column":24}},"loc":{"start":{"line":431,"column":63},"end":{"line":434,"column":null}},"line":431},"32":{"name":"(anonymous_32)","decl":{"start":{"line":436,"column":10},"end":{"line":436,"column":23}},"loc":{"start":{"line":436,"column":62},"end":{"line":439,"column":null}},"line":436},"33":{"name":"(anonymous_33)","decl":{"start":{"line":441,"column":10},"end":{"line":441,"column":24}},"loc":{"start":{"line":441,"column":63},"end":{"line":444,"column":null}},"line":441},"34":{"name":"(anonymous_34)","decl":{"start":{"line":446,"column":10},"end":{"line":446,"column":19}},"loc":{"start":{"line":447,"column":12},"end":{"line":447,"column":null}},"line":447},"35":{"name":"(anonymous_35)","decl":{"start":{"line":473,"column":22},"end":{"line":473,"column":37}},"loc":{"start":{"line":473,"column":37},"end":{"line":473,"column":55}},"line":473},"36":{"name":"(anonymous_36)","decl":{"start":{"line":491,"column":14},"end":{"line":491,"column":25}},"loc":{"start":{"line":492,"column":16},"end":{"line":492,"column":null}},"line":492},"37":{"name":"(anonymous_37)","decl":{"start":{"line":594,"column":30},"end":{"line":594,"column":35}},"loc":{"start":{"line":595,"column":22},"end":{"line":644,"column":null}},"line":595},"38":{"name":"(anonymous_38)","decl":{"start":{"line":612,"column":34},"end":{"line":612,"column":44}},"loc":{"start":{"line":612,"column":50},"end":{"line":618,"column":null}},"line":612}},"branchMap":{"0":{"loc":{"start":{"line":110,"column":8},"end":{"line":112,"column":null}},"type":"cond-expr","locations":[{"start":{"line":111,"column":12},"end":{"line":111,"column":null}},{"start":{"line":112,"column":12},"end":{"line":112,"column":null}}],"line":110},"1":{"loc":{"start":{"line":113,"column":8},"end":{"line":113,"column":null}},"type":"cond-expr","locations":[{"start":{"line":113,"column":23},"end":{"line":113,"column":58}},{"start":{"line":113,"column":58},"end":{"line":113,"column":null}}],"line":113},"2":{"loc":{"start":{"line":140,"column":13},"end":{"line":144,"column":null}},"type":"cond-expr","locations":[{"start":{"line":141,"column":14},"end":{"line":144,"column":null}},{"start":{"line":144,"column":16},"end":{"line":144,"column":null}}],"line":140},"3":{"loc":{"start":{"line":146,"column":13},"end":{"line":153,"column":null}},"type":"cond-expr","locations":[{"start":{"line":147,"column":14},"end":{"line":153,"column":null}},{"start":{"line":153,"column":16},"end":{"line":153,"column":null}}],"line":146},"4":{"loc":{"start":{"line":150,"column":19},"end":{"line":150,"column":null}},"type":"cond-expr","locations":[{"start":{"line":150,"column":34},"end":{"line":150,"column":52}},{"start":{"line":150,"column":52},"end":{"line":150,"column":null}}],"line":150},"5":{"loc":{"start":{"line":157,"column":9},"end":{"line":170,"column":null}},"type":"cond-expr","locations":[{"start":{"line":158,"column":10},"end":{"line":170,"column":null}},{"start":{"line":170,"column":12},"end":{"line":170,"column":null}}],"line":157},"6":{"loc":{"start":{"line":165,"column":17},"end":{"line":165,"column":72}},"type":"cond-expr","locations":[{"start":{"line":165,"column":28},"end":{"line":165,"column":57}},{"start":{"line":165,"column":57},"end":{"line":165,"column":72}}],"line":165},"7":{"loc":{"start":{"line":180,"column":2},"end":{"line":180,"column":null}},"type":"default-arg","locations":[{"start":{"line":180,"column":13},"end":{"line":180,"column":null}}],"line":180},"8":{"loc":{"start":{"line":181,"column":2},"end":{"line":181,"column":null}},"type":"default-arg","locations":[{"start":{"line":181,"column":13},"end":{"line":181,"column":null}}],"line":181},"9":{"loc":{"start":{"line":182,"column":2},"end":{"line":182,"column":null}},"type":"default-arg","locations":[{"start":{"line":182,"column":14},"end":{"line":182,"column":null}}],"line":182},"10":{"loc":{"start":{"line":183,"column":2},"end":{"line":183,"column":null}},"type":"default-arg","locations":[{"start":{"line":183,"column":11},"end":{"line":183,"column":null}}],"line":183},"11":{"loc":{"start":{"line":184,"column":2},"end":{"line":184,"column":null}},"type":"default-arg","locations":[{"start":{"line":184,"column":13},"end":{"line":184,"column":null}}],"line":184},"12":{"loc":{"start":{"line":190,"column":2},"end":{"line":190,"column":null}},"type":"default-arg","locations":[{"start":{"line":190,"column":20},"end":{"line":190,"column":null}}],"line":190},"13":{"loc":{"start":{"line":210,"column":4},"end":{"line":212,"column":null}},"type":"if","locations":[{"start":{"line":210,"column":4},"end":{"line":212,"column":null}},{"start":{},"end":{}}],"line":210},"14":{"loc":{"start":{"line":211,"column":19},"end":{"line":211,"column":36}},"type":"binary-expr","locations":[{"start":{"line":211,"column":19},"end":{"line":211,"column":34}},{"start":{"line":211,"column":34},"end":{"line":211,"column":36}}],"line":211},"15":{"loc":{"start":{"line":214,"column":11},"end":{"line":214,"column":78}},"type":"cond-expr","locations":[{"start":{"line":214,"column":24},"end":{"line":214,"column":73}},{"start":{"line":214,"column":76},"end":{"line":214,"column":78}}],"line":214},"16":{"loc":{"start":{"line":219,"column":32},"end":{"line":219,"column":null}},"type":"if","locations":[{"start":{"line":219,"column":32},"end":{"line":219,"column":null}},{"start":{},"end":{}}],"line":219},"17":{"loc":{"start":{"line":225,"column":4},"end":{"line":225,"column":null}},"type":"if","locations":[{"start":{"line":225,"column":4},"end":{"line":225,"column":null}},{"start":{},"end":{}}],"line":225},"18":{"loc":{"start":{"line":232,"column":6},"end":{"line":232,"column":null}},"type":"if","locations":[{"start":{"line":232,"column":6},"end":{"line":232,"column":null}},{"start":{},"end":{}}],"line":232},"19":{"loc":{"start":{"line":233,"column":6},"end":{"line":233,"column":null}},"type":"if","locations":[{"start":{"line":233,"column":6},"end":{"line":233,"column":null}},{"start":{},"end":{}}],"line":233},"20":{"loc":{"start":{"line":240,"column":4},"end":{"line":240,"column":null}},"type":"if","locations":[{"start":{"line":240,"column":4},"end":{"line":240,"column":null}},{"start":{},"end":{}}],"line":240},"21":{"loc":{"start":{"line":257,"column":4},"end":{"line":257,"column":null}},"type":"if","locations":[{"start":{"line":257,"column":4},"end":{"line":257,"column":null}},{"start":{},"end":{}}],"line":257},"22":{"loc":{"start":{"line":257,"column":8},"end":{"line":257,"column":38}},"type":"binary-expr","locations":[{"start":{"line":257,"column":8},"end":{"line":257,"column":18}},{"start":{"line":257,"column":18},"end":{"line":257,"column":38}}],"line":257},"23":{"loc":{"start":{"line":261,"column":4},"end":{"line":280,"column":null}},"type":"if","locations":[{"start":{"line":261,"column":4},"end":{"line":280,"column":null}},{"start":{},"end":{}}],"line":261},"24":{"loc":{"start":{"line":264,"column":6},"end":{"line":264,"column":null}},"type":"if","locations":[{"start":{"line":264,"column":6},"end":{"line":264,"column":null}},{"start":{},"end":{}}],"line":264},"25":{"loc":{"start":{"line":267,"column":30},"end":{"line":267,"column":null}},"type":"if","locations":[{"start":{"line":267,"column":30},"end":{"line":267,"column":null}},{"start":{},"end":{}}],"line":267},"26":{"loc":{"start":{"line":283,"column":26},"end":{"line":283,"column":73}},"type":"cond-expr","locations":[{"start":{"line":283,"column":56},"end":{"line":283,"column":71}},{"start":{"line":283,"column":71},"end":{"line":283,"column":73}}],"line":283},"27":{"loc":{"start":{"line":287,"column":4},"end":{"line":287,"column":null}},"type":"if","locations":[{"start":{"line":287,"column":4},"end":{"line":287,"column":null}},{"start":{},"end":{}}],"line":287},"28":{"loc":{"start":{"line":290,"column":4},"end":{"line":290,"column":null}},"type":"if","locations":[{"start":{"line":290,"column":4},"end":{"line":290,"column":null}},{"start":{},"end":{}}],"line":290},"29":{"loc":{"start":{"line":315,"column":6},"end":{"line":315,"column":null}},"type":"if","locations":[{"start":{"line":315,"column":6},"end":{"line":315,"column":null}},{"start":{},"end":{}}],"line":315},"30":{"loc":{"start":{"line":319,"column":4},"end":{"line":321,"column":null}},"type":"if","locations":[{"start":{"line":319,"column":4},"end":{"line":321,"column":null}},{"start":{},"end":{}}],"line":319},"31":{"loc":{"start":{"line":323,"column":4},"end":{"line":323,"column":null}},"type":"if","locations":[{"start":{"line":323,"column":4},"end":{"line":323,"column":null}},{"start":{},"end":{}}],"line":323},"32":{"loc":{"start":{"line":325,"column":20},"end":{"line":325,"column":53}},"type":"cond-expr","locations":[{"start":{"line":325,"column":43},"end":{"line":325,"column":51}},{"start":{"line":325,"column":51},"end":{"line":325,"column":53}}],"line":325},"33":{"loc":{"start":{"line":331,"column":13},"end":{"line":331,"column":39}},"type":"cond-expr","locations":[{"start":{"line":331,"column":27},"end":{"line":331,"column":34}},{"start":{"line":331,"column":34},"end":{"line":331,"column":39}}],"line":331},"34":{"loc":{"start":{"line":337,"column":28},"end":{"line":337,"column":null}},"type":"if","locations":[{"start":{"line":337,"column":28},"end":{"line":337,"column":null}},{"start":{},"end":{}}],"line":337},"35":{"loc":{"start":{"line":351,"column":4},"end":{"line":351,"column":null}},"type":"if","locations":[{"start":{"line":351,"column":4},"end":{"line":351,"column":null}},{"start":{},"end":{}}],"line":351},"36":{"loc":{"start":{"line":354,"column":4},"end":{"line":354,"column":null}},"type":"if","locations":[{"start":{"line":354,"column":4},"end":{"line":354,"column":null}},{"start":{},"end":{}}],"line":354},"37":{"loc":{"start":{"line":363,"column":4},"end":{"line":363,"column":null}},"type":"if","locations":[{"start":{"line":363,"column":4},"end":{"line":363,"column":null}},{"start":{},"end":{}}],"line":363},"38":{"loc":{"start":{"line":366,"column":4},"end":{"line":366,"column":null}},"type":"if","locations":[{"start":{"line":366,"column":4},"end":{"line":366,"column":null}},{"start":{},"end":{}}],"line":366},"39":{"loc":{"start":{"line":370,"column":6},"end":{"line":372,"column":null}},"type":"if","locations":[{"start":{"line":370,"column":6},"end":{"line":372,"column":null}},{"start":{},"end":{}}],"line":370},"40":{"loc":{"start":{"line":372,"column":8},"end":{"line":372,"column":null}},"type":"if","locations":[{"start":{"line":372,"column":8},"end":{"line":372,"column":null}},{"start":{},"end":{}}],"line":372},"41":{"loc":{"start":{"line":375,"column":4},"end":{"line":375,"column":null}},"type":"if","locations":[{"start":{"line":375,"column":4},"end":{"line":375,"column":null}},{"start":{},"end":{}}],"line":375},"42":{"loc":{"start":{"line":387,"column":26},"end":{"line":387,"column":null}},"type":"binary-expr","locations":[{"start":{"line":387,"column":26},"end":{"line":387,"column":44}},{"start":{"line":387,"column":44},"end":{"line":387,"column":null}}],"line":387},"43":{"loc":{"start":{"line":389,"column":30},"end":{"line":395,"column":null}},"type":"cond-expr","locations":[{"start":{"line":390,"column":12},"end":{"line":392,"column":null}},{"start":{"line":393,"column":12},"end":{"line":395,"column":null}}],"line":389},"44":{"loc":{"start":{"line":390,"column":12},"end":{"line":392,"column":null}},"type":"cond-expr","locations":[{"start":{"line":391,"column":14},"end":{"line":391,"column":null}},{"start":{"line":392,"column":14},"end":{"line":392,"column":null}}],"line":390},"45":{"loc":{"start":{"line":393,"column":12},"end":{"line":395,"column":null}},"type":"cond-expr","locations":[{"start":{"line":394,"column":14},"end":{"line":394,"column":null}},{"start":{"line":395,"column":14},"end":{"line":395,"column":null}}],"line":393},"46":{"loc":{"start":{"line":397,"column":25},"end":{"line":397,"column":null}},"type":"cond-expr","locations":[{"start":{"line":397,"column":36},"end":{"line":397,"column":47}},{"start":{"line":397,"column":47},"end":{"line":397,"column":null}}],"line":397},"47":{"loc":{"start":{"line":403,"column":29},"end":{"line":403,"column":null}},"type":"binary-expr","locations":[{"start":{"line":403,"column":29},"end":{"line":403,"column":41}},{"start":{"line":403,"column":41},"end":{"line":403,"column":null}}],"line":403},"48":{"loc":{"start":{"line":407,"column":30},"end":{"line":407,"column":null}},"type":"binary-expr","locations":[{"start":{"line":407,"column":30},"end":{"line":407,"column":46}},{"start":{"line":407,"column":46},"end":{"line":407,"column":null}}],"line":407},"49":{"loc":{"start":{"line":409,"column":28},"end":{"line":415,"column":null}},"type":"cond-expr","locations":[{"start":{"line":410,"column":12},"end":{"line":412,"column":null}},{"start":{"line":413,"column":12},"end":{"line":415,"column":null}}],"line":409},"50":{"loc":{"start":{"line":410,"column":12},"end":{"line":412,"column":null}},"type":"cond-expr","locations":[{"start":{"line":411,"column":14},"end":{"line":411,"column":null}},{"start":{"line":412,"column":14},"end":{"line":412,"column":null}}],"line":410},"51":{"loc":{"start":{"line":413,"column":12},"end":{"line":415,"column":null}},"type":"cond-expr","locations":[{"start":{"line":414,"column":14},"end":{"line":414,"column":null}},{"start":{"line":415,"column":14},"end":{"line":415,"column":null}}],"line":413},"52":{"loc":{"start":{"line":424,"column":12},"end":{"line":426,"column":null}},"type":"if","locations":[{"start":{"line":424,"column":12},"end":{"line":426,"column":null}},{"start":{},"end":{}}],"line":424},"53":{"loc":{"start":{"line":424,"column":16},"end":{"line":424,"column":56}},"type":"binary-expr","locations":[{"start":{"line":424,"column":16},"end":{"line":424,"column":37}},{"start":{"line":424,"column":37},"end":{"line":424,"column":56}}],"line":424},"54":{"loc":{"start":{"line":434,"column":12},"end":{"line":434,"column":null}},"type":"if","locations":[{"start":{"line":434,"column":12},"end":{"line":434,"column":null}},{"start":{},"end":{}}],"line":434},"55":{"loc":{"start":{"line":439,"column":12},"end":{"line":439,"column":null}},"type":"if","locations":[{"start":{"line":439,"column":12},"end":{"line":439,"column":null}},{"start":{},"end":{}}],"line":439},"56":{"loc":{"start":{"line":453,"column":13},"end":{"line":481,"column":null}},"type":"cond-expr","locations":[{"start":{"line":454,"column":14},"end":{"line":481,"column":null}},{"start":{"line":481,"column":16},"end":{"line":481,"column":null}}],"line":453},"57":{"loc":{"start":{"line":460,"column":21},"end":{"line":464,"column":null}},"type":"cond-expr","locations":[{"start":{"line":461,"column":24},"end":{"line":461,"column":null}},{"start":{"line":462,"column":24},"end":{"line":464,"column":null}}],"line":460},"58":{"loc":{"start":{"line":462,"column":24},"end":{"line":464,"column":null}},"type":"cond-expr","locations":[{"start":{"line":463,"column":26},"end":{"line":463,"column":null}},{"start":{"line":464,"column":26},"end":{"line":464,"column":null}}],"line":462},"59":{"loc":{"start":{"line":467,"column":19},"end":{"line":478,"column":null}},"type":"cond-expr","locations":[{"start":{"line":468,"column":20},"end":{"line":478,"column":null}},{"start":{"line":478,"column":22},"end":{"line":478,"column":null}}],"line":467},"60":{"loc":{"start":{"line":497,"column":13},"end":{"line":564,"column":null}},"type":"cond-expr","locations":[{"start":{"line":498,"column":14},"end":{"line":564,"column":null}},{"start":{"line":564,"column":16},"end":{"line":564,"column":null}}],"line":497},"61":{"loc":{"start":{"line":498,"column":14},"end":{"line":564,"column":null}},"type":"cond-expr","locations":[{"start":{"line":499,"column":16},"end":{"line":546,"column":17}},{"start":{"line":546,"column":16},"end":{"line":564,"column":null}}],"line":498},"62":{"loc":{"start":{"line":533,"column":21},"end":{"line":542,"column":null}},"type":"cond-expr","locations":[{"start":{"line":534,"column":22},"end":{"line":542,"column":null}},{"start":{"line":542,"column":24},"end":{"line":542,"column":null}}],"line":533},"63":{"loc":{"start":{"line":567,"column":13},"end":{"line":649,"column":null}},"type":"cond-expr","locations":[{"start":{"line":568,"column":14},"end":{"line":649,"column":null}},{"start":{"line":649,"column":16},"end":{"line":649,"column":null}}],"line":567},"64":{"loc":{"start":{"line":571,"column":18},"end":{"line":571,"column":null}},"type":"cond-expr","locations":[{"start":{"line":571,"column":40},"end":{"line":571,"column":49}},{"start":{"line":571,"column":49},"end":{"line":571,"column":null}}],"line":571},"65":{"loc":{"start":{"line":579,"column":24},"end":{"line":579,"column":null}},"type":"cond-expr","locations":[{"start":{"line":579,"column":39},"end":{"line":579,"column":61}},{"start":{"line":579,"column":61},"end":{"line":579,"column":null}}],"line":579},"66":{"loc":{"start":{"line":581,"column":36},"end":{"line":581,"column":null}},"type":"binary-expr","locations":[{"start":{"line":581,"column":36},"end":{"line":581,"column":48}},{"start":{"line":581,"column":48},"end":{"line":581,"column":null}}],"line":581},"67":{"loc":{"start":{"line":633,"column":27},"end":{"line":642,"column":null}},"type":"cond-expr","locations":[{"start":{"line":634,"column":28},"end":{"line":642,"column":null}},{"start":{"line":642,"column":30},"end":{"line":642,"column":null}}],"line":633},"68":{"loc":{"start":{"line":652,"column":13},"end":{"line":654,"column":null}},"type":"cond-expr","locations":[{"start":{"line":653,"column":14},"end":{"line":654,"column":null}},{"start":{"line":654,"column":16},"end":{"line":654,"column":null}}],"line":652}},"s":{"0":0,"1":0,"2":0,"3":0,"4":0,"5":0,"6":0,"7":0,"8":0,"9":0,"10":0,"11":0,"12":0,"13":0,"14":0,"15":0,"16":0,"17":0,"18":0,"19":0,"20":0,"21":0,"22":0,"23":0,"24":0,"25":0,"26":0,"27":0,"28":0,"29":0,"30":0,"31":0,"32":0,"33":0,"34":0,"35":0,"36":0,"37":0,"38":0,"39":0,"40":0,"41":0,"42":0,"43":0,"44":0,"45":0,"46":0,"47":0,"48":0,"49":0,"50":0,"51":0,"52":0,"53":0,"54":0,"55":0,"56":0,"57":0,"58":0,"59":0,"60":0,"61":0,"62":0,"63":0,"64":0,"65":0,"66":0,"67":0,"68":0,"69":0,"70":0,"71":0,"72":0,"73":0,"74":0,"75":0,"76":0,"77":0,"78":0,"79":0,"80":0,"81":0,"82":0,"83":0,"84":0,"85":0,"86":0,"87":0,"88":0,"89":0,"90":0,"91":0,"92":0,"93":0,"94":0,"95":0,"96":0,"97":0,"98":0,"99":0,"100":0,"101":0,"102":0,"103":0,"104":0,"105":0,"106":0,"107":0,"108":0,"109":0,"110":0,"111":0,"112":0,"113":0,"114":0,"115":0,"116":0,"117":0,"118":0,"119":0,"120":0,"121":0,"122":0,"123":0,"124":0,"125":0,"126":0,"127":0,"128":0,"129":0,"130":0,"131":0,"132":0,"133":0,"134":0,"135":0,"136":0,"137":0,"138":0,"139":0,"140":0,"141":0,"142":0,"143":0,"144":0,"145":0,"146":0,"147":0,"148":0,"149":0,"150":0,"151":0,"152":0,"153":0,"154":0,"155":0,"156":0,"157":0,"158":0,"159":0,"160":0,"161":0,"162":0,"163":0,"164":0,"165":0,"166":0},"f":{"0":0,"1":0,"2":0,"3":0,"4":0,"5":0,"6":0,"7":0,"8":0,"9":0,"10":0,"11":0,"12":0,"13":0,"14":0,"15":0,"16":0,"17":0,"18":0,"19":0,"20":0,"21":0,"22":0,"23":0,"24":0,"25":0,"26":0,"27":0,"28":0,"29":0,"30":0,"31":0,"32":0,"33":0,"34":0,"35":0,"36":0,"37":0,"38":0},"b":{"0":[0,0],"1":[0,0],"2":[0,0],"3":[0,0],"4":[0,0],"5":[0,0],"6":[0,0],"7":[0],"8":[0],"9":[0],"10":[0],"11":[0],"12":[0],"13":[0,0],"14":[0,0],"15":[0,0],"16":[0,0],"17":[0,0],"18":[0,0],"19":[0,0],"20":[0,0],"21":[0,0],"22":[0,0],"23":[0,0],"24":[0,0],"25":[0,0],"26":[0,0],"27":[0,0],"28":[0,0],"29":[0,0],"30":[0,0],"31":[0,0],"32":[0,0],"33":[0,0],"34":[0,0],"35":[0,0],"36":[0,0],"37":[0,0],"38":[0,0],"39":[0,0],"40":[0,0],"41":[0,0],"42":[0,0],"43":[0,0],"44":[0,0],"45":[0,0],"46":[0,0],"47":[0,0],"48":[0,0],"49":[0,0],"50":[0,0],"51":[0,0],"52":[0,0],"53":[0,0],"54":[0,0],"55":[0,0],"56":[0,0],"57":[0,0],"58":[0,0],"59":[0,0],"60":[0,0],"61":[0,0],"62":[0,0],"63":[0,0],"64":[0,0],"65":[0,0],"66":[0,0],"67":[0,0],"68":[0,0]},"meta":{"lastBranch":69,"lastFunction":39,"lastStatement":167,"seen":{"s:46:23:46:Infinity":0,"s:47:10:47:Infinity":1,"f:49:9:49:21":0,"s:50:2:50:Infinity":2,"f:52:9:52:17":1,"s:53:2:53:Infinity":3,"f:55:9:55:15":2,"s:56:2:56:Infinity":4,"s:59:6:172:Infinity":5,"f:59:6:59:18":3,"s:104:29:104:53":6,"s:105:2:172:Infinity":7,"b:111:12:111:Infinity:112:12:112:Infinity":0,"b:113:23:113:58:113:58:113:Infinity":1,"b:141:14:144:Infinity:144:16:144:Infinity":2,"b:147:14:153:Infinity:153:16:153:Infinity":3,"b:150:34:150:52:150:52:150:Infinity":4,"b:158:10:170:Infinity:170:12:170:Infinity":5,"b:165:28:165:57:165:57:165:72":6,"f:176:16:176:54":4,"b:180:13:180:Infinity":7,"b:181:13:181:Infinity":8,"b:182:14:182:Infinity":9,"b:183:11:183:Infinity":10,"b:184:13:184:Infinity":11,"b:190:20:190:Infinity":12,"s:201:4:202:17":8,"s:203:19:203:62":9,"s:205:38:205:59":10,"s:206:38:206:73":11,"s:207:32:207:53":12,"s:209:34:215:Infinity":13,"f:209:40:209:70":5,"b:210:4:212:Infinity:undefined:undefined:undefined:undefined":13,"s:210:4:212:Infinity":14,"s:211:19:211:36":15,"b:211:19:211:34:211:34:211:36":14,"s:212:6:212:Infinity":16,"f:212:18:212:23":6,"s:212:30:212:70":17,"s:214:4:214:Infinity":18,"b:214:24:214:73:214:76:214:78":15,"s:217:2:222:Infinity":19,"f:217:8:217:24":7,"s:218:4:219:Infinity":20,"f:218:4:218:17":8,"s:219:6:219:Infinity":21,"b:219:32:219:Infinity:undefined:undefined:undefined:undefined":16,"s:219:32:219:Infinity":22,"s:219:44:219:Infinity":23,"s:224:8:226:Infinity":24,"f:224:8:224:27":9,"b:225:4:225:Infinity:undefined:undefined:undefined:undefined":17,"s:225:4:225:Infinity":25,"s:225:18:225:Infinity":26,"s:226:4:226:Infinity":27,"s:229:8:235:Infinity":28,"f:229:8:229:25":10,"s:230:21:230:43":29,"s:231:4:233:Infinity":30,"b:232:6:232:Infinity:undefined:undefined:undefined:undefined":18,"s:232:6:232:Infinity":31,"s:232:23:232:Infinity":32,"b:233:6:233:Infinity:undefined:undefined:undefined:undefined":19,"s:233:6:233:Infinity":33,"s:233:29:233:Infinity":34,"s:235:4:235:Infinity":35,"s:238:8:248:Infinity":36,"f:238:8:238:31":11,"s:239:17:239:56":37,"b:240:4:240:Infinity:undefined:undefined:undefined:undefined":20,"s:240:4:240:Infinity":38,"s:240:20:240:Infinity":39,"s:242:24:243:Infinity":40,"f:243:15:243:20":12,"s:243:26:243:66":41,"s:245:21:246:Infinity":42,"f:245:30:245:Infinity":13,"s:246:13:246:70":43,"s:248:4:248:Infinity":44,"s:251:8:300:Infinity":45,"f:251:8:251:Infinity":14,"s:256:4:256:Infinity":46,"b:257:4:257:Infinity:undefined:undefined:undefined:undefined":21,"s:257:4:257:Infinity":47,"b:257:8:257:18:257:18:257:38":22,"s:257:38:257:Infinity":48,"s:259:19:259:36":49,"b:261:4:280:Infinity:undefined:undefined:undefined:undefined":23,"s:261:4:280:Infinity":50,"s:262:24:262:35":51,"s:263:18:263:42":52,"b:264:6:264:Infinity:undefined:undefined:undefined:undefined":24,"s:264:6:264:Infinity":53,"s:264:15:264:Infinity":54,"s:266:6:269:Infinity":55,"f:266:6:266:19":15,"s:267:8:267:Infinity":56,"b:267:30:267:Infinity:undefined:undefined:undefined:undefined":25,"s:267:30:267:Infinity":57,"s:267:42:267:Infinity":58,"s:268:8:268:Infinity":59,"s:271:39:276:Infinity":60,"s:278:6:278:Infinity":61,"s:279:6:279:Infinity":62,"s:280:6:280:Infinity":63,"s:283:26:283:73":64,"b:283:56:283:71:283:71:283:73":26,"s:284:19:284:61":65,"s:286:16:286:37":66,"b:287:4:287:Infinity:undefined:undefined:undefined:undefined":27,"s:287:4:287:Infinity":67,"s:287:13:287:Infinity":68,"s:289:27:289:61":69,"b:290:4:290:Infinity:undefined:undefined:undefined:undefined":28,"s:290:4:290:Infinity":70,"s:290:37:290:Infinity":71,"s:292:44:297:7":72,"f:292:59:292:64":16,"s:292:71:297:7":73,"s:299:4:299:Infinity":74,"f:299:4:299:17":17,"s:299:26:299:56":75,"s:300:4:300:Infinity":76,"s:303:8:331:Infinity":77,"f:303:8:303:Infinity":18,"s:308:4:308:Infinity":78,"s:310:17:310:Infinity":79,"s:312:4:317:Infinity":80,"f:312:4:312:17":19,"s:313:19:313:28":81,"s:314:22:314:Infinity":82,"b:315:6:315:Infinity:undefined:undefined:undefined:undefined":29,"s:315:6:315:Infinity":83,"s:315:25:315:Infinity":84,"s:316:6:316:Infinity":85,"b:319:4:321:Infinity:undefined:undefined:undefined:undefined":30,"s:319:4:321:Infinity":86,"s:320:6:320:Infinity":87,"s:321:6:321:Infinity":88,"b:323:4:323:Infinity:undefined:undefined:undefined:undefined":31,"s:323:4:323:Infinity":89,"s:323:21:323:Infinity":90,"s:325:20:325:53":91,"b:325:43:325:51:325:51:325:53":32,"s:326:17:329:Infinity":92,"f:326:25:326:Infinity":20,"s:328:8:329:Infinity":93,"s:331:4:331:Infinity":94,"b:331:27:331:34:331:34:331:39":33,"s:334:8:340:Infinity":95,"f:334:8:334:20":21,"s:335:4:335:Infinity":96,"s:336:4:339:Infinity":97,"f:336:4:336:17":22,"s:337:6:337:Infinity":98,"b:337:28:337:Infinity:undefined:undefined:undefined:undefined":34,"s:337:28:337:Infinity":99,"s:337:40:337:Infinity":100,"s:338:6:338:Infinity":101,"s:340:4:340:Infinity":102,"s:343:8:355:Infinity":103,"f:343:8:343:Infinity":23,"s:348:4:348:Infinity":104,"s:349:4:349:Infinity":105,"s:350:4:350:Infinity":106,"b:351:4:351:Infinity:undefined:undefined:undefined:undefined":35,"s:351:4:351:Infinity":107,"s:351:18:351:Infinity":108,"s:353:15:353:Infinity":109,"b:354:4:354:Infinity:undefined:undefined:undefined:undefined":36,"s:354:4:354:Infinity":110,"s:354:28:354:Infinity":111,"s:355:4:355:Infinity":112,"s:358:8:379:Infinity":113,"f:358:8:358:Infinity":24,"b:363:4:363:Infinity:undefined:undefined:undefined:undefined":37,"s:363:4:363:Infinity":114,"s:363:18:363:Infinity":115,"s:365:18:365:Infinity":116,"b:366:4:366:Infinity:undefined:undefined:undefined:undefined":38,"s:366:4:366:Infinity":117,"s:366:24:366:Infinity":118,"s:368:26:368:28":119,"s:369:4:372:Infinity":120,"b:370:6:372:Infinity:undefined:undefined:undefined:undefined":39,"s:370:6:372:Infinity":121,"s:371:18:371:32":122,"b:372:8:372:Infinity:undefined:undefined:undefined:undefined":40,"s:372:8:372:Infinity":123,"s:372:15:372:Infinity":124,"b:375:4:375:Infinity:undefined:undefined:undefined:undefined":41,"s:375:4:375:Infinity":125,"s:375:28:375:Infinity":126,"s:377:15:377:33":127,"s:378:4:378:Infinity":128,"f:378:10:378:19":25,"s:378:25:378:40":129,"s:379:4:379:Infinity":130,"s:382:2:658:Infinity":131,"f:386:6:386:15":26,"s:387:26:387:Infinity":132,"b:387:26:387:44:387:44:387:Infinity":42,"s:389:30:395:Infinity":133,"b:390:12:392:Infinity:393:12:395:Infinity":43,"b:391:14:391:Infinity:392:14:392:Infinity":44,"b:394:14:394:Infinity:395:14:395:Infinity":45,"s:397:25:397:Infinity":134,"b:397:36:397:47:397:47:397:Infinity":46,"s:398:24:400:Infinity":135,"s:403:29:403:Infinity":136,"b:403:29:40
[...]
start":{"line":31,"column":15},"end":{"line":31,"column":46}},"3":{"start":{"line":32,"column":2},"end":{"line":62,"column":null}},"4":{"start":{"line":37,"column":8},"end":{"line":59,"column":null}},"5":{"start":{"line":51,"column":18},"end":{"line":51,"column":68}}},"fnMap":{"0":{"name":"RHFPasswordInputField","decl":{"start":{"line":15,"column":16},"end":{"line":15,"column":61}},"loc":{"start":{"line":22,"column":34},"end":{"line":62,"column":null}},"line":22},"1":{"name":"(anonymous_1)","decl":{"start":{"line":36,"column":6},"end":{"line":36,"column":15}},"loc":{"start":{"line":37,"column":8},"end":{"line":59,"column":null}},"line":37},"2":{"name":"(anonymous_2)","decl":{"start":{"line":50,"column":16},"end":{"line":50,"column":null}},"loc":{"start":{"line":51,"column":18},"end":{"line":51,"column":68}},"line":51}},"branchMap":{"0":{"loc":{"start":{"line":51,"column":26},"end":{"line":51,"column":68}},"type":"cond-expr","locations":[{"start":{"line":51,"column":48},"end":{"line":51,"column":57}},{"start":{"line":51,"column":57},"end":{"line":51,"column":68}}],"line":51},"1":{"loc":{"start":{"line":55,"column":17},"end":{"line":55,"column":null}},"type":"cond-expr","locations":[{"start":{"line":55,"column":39},"end":{"line":55,"column":50}},{"start":{"line":55,"column":49},"end":{"line":55,"column":null}}],"line":55},"2":{"loc":{"start":{"line":59,"column":11},"end":{"line":59,"column":null}},"type":"binary-expr","locations":[{"start":{"line":59,"column":11},"end":{"line":59,"column":31}},{"start":{"line":59,"column":31},"end":{"line":59,"column":null}}],"line":59}},"s":{"0":0,"1":0,"2":0,"3":0,"4":0,"5":0},"f":{"0":0,"1":0,"2":0},"b":{"0":[0,0],"1":[0,0],"2":[0,0]},"meta":{"lastBranch":3,"lastFunction":3,"lastStatement":6,"seen":{"f:15:16:15:61":0,"s:23:48:23:74":0,"s:29:27:29:59":1,"s:31:15:31:46":2,"s:32:2:62:Infinity":3,"f:36:6:36:15":1,"s:37:8:59:Infinity":4,"f:50:16:50:Infinity":2,"s:51:18:51:68":5,"b:51:48:51:57:51:57:51:68":0,"b:55:39:55:50:55:49:55:Infinity":1,"b:59:11:59:31:59:31:59:Infinity":2}}}
,"/media/taha/work/published-npm-packs/rhf-form/src/components/fields/rhf-select-field.tsx": {"path":"/media/taha/work/published-npm-packs/rhf-form/src/components/fields/rhf-select-field.tsx","statementMap":{"0":{"start":{"line":21,"column":32},"end":{"line":21,"column":34}},"1":{"start":{"line":41,"column":4},"end":{"line":42,"column":17}},"2":{"start":{"line":44,"column":2},"end":{"line":91,"column":null}},"3":{"start":{"line":51,"column":8},"end":{"line":88,"column":null}},"4":{"start":{"line":62,"column":14},"end":{"line":62,"column":null}},"5":{"start":{"line":63,"column":14},"end":{"line":63,"column":null}},"6":{"start":{"line":63,"column":28},"end":{"line":63,"column":null}},"7":{"start":{"line":76,"column":16},"end":{"line":83,"column":null}}},"fnMap":{"0":{"name":"RHFSelectField","decl":{"start":{"line":23,"column":16},"end":{"line":23,"column":54}},"loc":{"start":{"line":32,"column":27},"end":{"line":91,"column":null}},"line":32},"1":{"name":"(anonymous_1)","decl":{"start":{"line":50,"column":6},"end":{"line":50,"column":15}},"loc":{"start":{"line":51,"column":8},"end":{"line":88,"column":null}},"line":51},"2":{"name":"(anonymous_2)","decl":{"start":{"line":61,"column":12},"end":{"line":61,"column":28}},"loc":{"start":{"line":61,"column":44},"end":{"line":63,"column":null}},"line":61},"3":{"name":"(anonymous_3)","decl":{"start":{"line":75,"column":23},"end":{"line":75,"column":28}},"loc":{"start":{"line":76,"column":16},"end":{"line":83,"column":null}},"line":76}},"branchMap":{"0":{"loc":{"start":{"line":27,"column":2},"end":{"line":27,"column":null}},"type":"default-arg","locations":[{"start":{"line":27,"column":12},"end":{"line":27,"column":null}}],"line":27},"1":{"loc":{"start":{"line":28,"column":2},"end":{"line":28,"column":null}},"type":"default-arg","locations":[{"start":{"line":28,"column":16},"end":{"line":28,"column":null}}],"line":28},"2":{"loc":{"start":{"line":29,"column":2},"end":{"line":29,"column":null}},"type":"default-arg","locations":[{"start":{"line":29,"column":13},"end":{"line":29,"column":null}}],"line":29},"3":{"loc":{"start":{"line":30,"column":2},"end":{"line":30,"column":null}},"type":"default-arg","locations":[{"start":{"line":30,"column":14},"end":{"line":30,"column":null}}],"line":30},"4":{"loc":{"start":{"line":60,"column":19},"end":{"line":60,"column":null}},"type":"binary-expr","locations":[{"start":{"line":60,"column":19},"end":{"line":60,"column":34}},{"start":{"line":60,"column":34},"end":{"line":60,"column":null}}],"line":60},"5":{"loc":{"start":{"line":63,"column":14},"end":{"line":63,"column":null}},"type":"if","locations":[{"start":{"line":63,"column":14},"end":{"line":63,"column":null}},{"start":{},"end":{}}],"line":63},"6":{"loc":{"start":{"line":79,"column":28},"end":{"line":79,"column":null}},"type":"binary-expr","locations":[{"start":{"line":79,"column":28},"end":{"line":79,"column":40}},{"start":{"line":79,"column":40},"end":{"line":79,"column":null}}],"line":79},"7":{"loc":{"start":{"line":80,"column":33},"end":{"line":80,"column":null}},"type":"binary-expr","locations":[{"start":{"line":80,"column":33},"end":{"line":80,"column":45}},{"start":{"line":80,"column":45},"end":{"line":80,"column":null}}],"line":80},"8":{"loc":{"start":{"line":88,"column":11},"end":{"line":88,"column":null}},"type":"binary-expr","locations":[{"start":{"line":88,"column":11},"end":{"line":88,"column":31}},{"start":{"line":88,"column":31},"end":{"line":88,"column":null}}],"line":88}},"s":{"0":2,"1":0,"2":0,"3":0,"4":0,"5":0,"6":0,"7":0},"f":{"0":0,"1":0,"2":0,"3":0},"b":{"0":[0],"1":[0],"2":[0],"3":[0],"4":[0,0],"5":[0,0],"6":[0,0],"7":[0,0],"8":[0,0]},"meta":{"lastBranch":9,"lastFunction":4,"lastStatement":8,"seen":{"s:21:32:21:34":0,"f:23:16:23:54":0,"b:27:12:27:Infinity":0,"b:28:16:28:Infinity":1,"b:29:13:29:Infinity":2,"b:30:14:30:Infinity":3,"s:41:4:42:17":1,"s:44:2:91:Infinity":2,"f:50:6:50:15":1,"s:51:8:88:Infinity":3,"b:60:19:60:34:60:34:60:Infinity":4,"f:61:12:61:28":2,"s:62:14:62:Infinity":4,"b:63:14:63:Infinity:undefined:undefined:undefined:undefined":5,"s:63:14:63:Infinity":5,"s:63:28:63:Infinity":6,"f:75:23:75:28":3,"s:76:16:83:Infinity":7,"b:79:28:79:40:79:40:79:Infinity":6,"b:80:33:80:45:80:45:80:Infinity":7,"b:88:11:88:31:88:31:88:Infinity":8}}}
,"/media/taha/work/published-npm-packs/rhf-form/src/components/fields/rhf-switch-field.tsx": {"path":"/media/taha/work/published-npm-packs/rhf-form/src/components/fields/rhf-switch-field.tsx","statementMap":{"0":{"start":{"line":32,"column":37},"end":{"line":32,"column":63}},"1":{"start":{"line":34,"column":2},"end":{"line":70,"column":null}},"2":{"start":{"line":39,"column":8},"end":{"line":67,"column":null}},"3":{"start":{"line":59,"column":16},"end":{"line":59,"column":null}},"4":{"start":{"line":60,"column":16},"end":{"line":60,"column":null}}},"fnMap":{"0":{"name":"RHFSwitchField","decl":{"start":{"line":21,"column":16},"end":{"line":21,"column":54}},"loc":{"start":{"line":31,"column":27},"end":{"line":70,"column":null}},"line":31},"1":{"name":"(anonymous_1)","decl":{"start":{"line":38,"column":6},"end":{"line":38,"column":15}},"loc":{"start":{"line":39,"column":8},"end":{"line":67,"column":null}},"line":39},"2":{"name":"(anonymous_2)","decl":{"start":{"line":58,"column":14},"end":{"line":58,"column":32}},"loc":{"start":{"line":58,"column":53},"end":{"line":60,"column":null}},"line":58}},"branchMap":{"0":{"loc":{"start":{"line":49,"column":17},"end":{"line":50,"column":null}},"type":"binary-expr","locations":[{"start":{"line":49,"column":17},"end":{"line":49,"column":29}},{"start":{"line":49,"column":29},"end":{"line":50,"column":null}}],"line":49},"1":{"loc":{"start":{"line":51,"column":15},"end":{"line":52,"column":null}},"type":"binary-expr","locations":[{"start":{"line":51,"column":15},"end":{"line":51,"column":null}},{"start":{"line":52,"column":16},"end":{"line":52,"column":null}}],"line":51},"2":{"loc":{"start":{"line":67,"column":11},"end":{"line":67,"column":null}},"type":"binary-expr","locations":[{"start":{"line":67,"column":11},"end":{"line":67,"column":31}},{"start":{"line":67,"column":31},"end":{"line":67,"column":null}}],"line":67}},"s":{"0":0,"1":0,"2":0,"3":0,"4":0},"f":{"0":0,"1":0,"2":0},"b":{"0":[0,0],"1":[0,0],"2":[0,0]},"meta":{"lastBranch":3,"lastFunction":3,"lastStatement":5,"seen":{"f:21:16:21:54":0,"s:32:37:32:63":0,"s:34:2:70:Infinity":1,"f:38:6:38:15":1,"s:39:8:67:Infinity":2,"b:49:17:49:29:49:29:50:Infinity":0,"b:51:15:51:Infinity:52:16:52:Infinity":1,"f:58:14:58:32":2,"s:59:16:59:Infinity":3,"s:60:16:60:Infinity":4,"b:67:11:67:31:67:31:67:Infinity":2}}}
,"/media/taha/work/published-npm-packs/rhf-form/src/components/fields/rhf-textarea-field.tsx": {"path":"/media/taha/work/published-npm-packs/rhf-form/src/components/fields/rhf-textarea-field.tsx","statementMap":{"0":{"start":{"line":27,"column":59},"end":{"line":28,"column":15}},"1":{"start":{"line":33,"column":10},"end":{"line":33,"column":34}},"2":{"start":{"line":35,"column":2},"end":{"line":56,"column":null}},"3":{"start":{"line":40,"column":8},"end":{"line":53,"column":null}}},"fnMap":{"0":{"name":"RHFTextareaField","decl":{"start":{"line":16,"column":16},"end":{"line":16,"column":56}},"loc":{"start":{"line":26,"column":29},"end":{"line":56,"column":null}},"line":26},"1":{"name":"(anonymous_1)","decl":{"start":{"line":39,"column":6},"end":{"line":39,"column":15}},"loc":{"start":{"line":40,"column":8},"end":{"line":53,"column":null}},"line":40}},"branchMap":{"0":{"loc":{"start":{"line":24,"column":2},"end":{"line":24,"column":null}},"type":"default-arg","locations":[{"start":{"line":24,"column":9},"end":{"line":24,"column":null}}],"line":24},"1":{"loc":{"start":{"line":41,"column":11},"end":{"line":41,"column":null}},"type":"binary-expr","locations":[{"start":{"line":41,"column":11},"end":{"line":41,"column":20}},{"start":{"line":41,"column":20},"end":{"line":41,"column":null}}],"line":41},"2":{"loc":{"start":{"line":51,"column":11},"end":{"line":51,"column":null}},"type":"binary-expr","locations":[{"start":{"line":51,"column":11},"end":{"line":51,"column":26}},{"start":{"line":51,"column":26},"end":{"line":51,"column":null}}],"line":51},"3":{"loc":{"start":{"line":53,"column":11},"end":{"line":53,"column":null}},"type":"binary-expr","locations":[{"start":{"line":53,"column":11},"end":{"line":53,"column":31}},{"start":{"line":53,"column":31},"end":{"line":53,"column":null}}],"line":53}},"s":{"0":0,"1":0,"2":0,"3":0},"f":{"0":0,"1":0},"b":{"0":[0],"1":[0,0],"2":[0,0],"3":[0,0]},"meta":{"lastBranch":4,"lastFunction":2,"lastStatement":4,"seen":{"f:16:16:16:56":0,"b:24:9:24:Infinity":0,"s:27:59:28:15":0,"s:33:10:33:34":1,"s:35:2:56:Infinity":2,"f:39:6:39:15":1,"s:40:8:53:Infinity":3,"b:41:11:41:20:41:20:41:Infinity":1,"b:51:11:51:26:51:26:51:Infinity":2,"b:53:11:53:31:53:31:53:Infinity":3}}}
,"/media/taha/work/published-npm-packs/rhf-form/src/components/forms/rhf-form-card.tsx": {"path":"/media/taha/work/published-npm-packs/rhf-form/src/components/forms/rhf-form-card.tsx","statementMap":{"0":{"start":{"line":25,"column":10},"end":{"line":25,"column":40}},"1":{"start":{"line":26,"column":18},"end":{"line":26,"column":44}},"2":{"start":{"line":29,"column":4},"end":{"line":29,"column":null}},"3":{"start":{"line":33,"column":4},"end":{"line":33,"column":null}},"4":{"start":{"line":34,"column":4},"end":{"line":34,"column":null}},"5":{"start":{"line":37,"column":2},"end":{"line":62,"column":null}}},"fnMap":{"0":{"name":"RHFFormCard","decl":{"start":{"line":16,"column":16},"end":{"line":16,"column":51}},"loc":{"start":{"line":24,"column":24},"end":{"line":62,"column":null}},"line":24},"1":{"name":"handleCancel","decl":{"start":{"line":28,"column":11},"end":{"line":28,"column":26}},"loc":{"start":{"line":28,"column":26},"end":{"line":29,"column":null}},"line":28},"2":{"name":"handleSubmit","decl":{"start":{"line":32,"column":17},"end":{"line":32,"column":30}},"loc":{"start":{"line":32,"column":39},"end":{"line":34,"column":null}},"line":32}},"branchMap":{"0":{"loc":{"start":{"line":22,"column":2},"end":{"line":22,"column":null}},"type":"default-arg","locations":[{"start":{"line":22,"column":17},"end":{"line":22,"column":null}}],"line":22},"1":{"loc":{"start":{"line":23,"column":2},"end":{"line":23,"column":null}},"type":"default-arg","locations":[{"start":{"line":23,"column":12},"end":{"line":23,"column":null}}],"line":23},"2":{"loc":{"start":{"line":39,"column":13},"end":{"line":39,"column":null}},"type":"binary-expr","locations":[{"start":{"line":39,"column":13},"end":{"line":39,"column":22}},{"start":{"line":39,"column":22},"end":{"line":39,"column":null}}],"line":39},"3":{"loc":{"start":{"line":40,"column":19},"end":{"line":40,"column":null}},"type":"binary-expr","locations":[{"start":{"line":40,"column":19},"end":{"line":40,"column":34}},{"start":{"line":40,"column":34},"end":{"line":40,"column":null}}],"line":40},"4":{"loc":{"start":{"line":46,"column":9},"end":{"line":58,"column":null}},"type":"binary-expr","locations":[{"start":{"line":46,"column":9},"end":{"line":46,"column":null}},{"start":{"line":47,"column":10},"end":{"line":58,"column":null}}],"line":46}},"s":{"0":0,"1":0,"2":0,"3":0,"4":0,"5":0},"f":{"0":0,"1":0,"2":0},"b":{"0":[0],"1":[0],"2":[0,0],"3":[0,0],"4":[0,0]},"meta":{"lastBranch":5,"lastFunction":3,"lastStatement":6,"seen":{"f:16:16:16:51":0,"b:22:17:22:Infinity":0,"b:23:12:23:Infinity":1,"s:25:10:25:40":0,"s:26:18:26:44":1,"f:28:11:28:26":1,"s:29:4:29:Infinity":2,"f:32:17:32:30":2,"s:33:4:33:Infinity":3,"s:34:4:34:Infinity":4,"s:37:2:62:Infinity":5,"b:39:13:39:22:39:22:39:Infinity":2,"b:40:19:40:34:40:34:40:Infinity":3,"b:46:9:46:Infinity:47:10:58:Infinity":4}}}
,"/media/taha/work/published-npm-packs/rhf-form/src/components/forms/rhf-form-dialog.tsx": {"path":"/media/taha/work/published-npm-packs/rhf-form/src/components/forms/rhf-form-dialog.tsx","statementMap":{"0":{"start":{"line":27,"column":26},"end":{"line":27,"column":47}},"1":{"start":{"line":28,"column":10},"end":{"line":28,"column":40}},"2":{"start":{"line":38,"column":4},"end":{"line":39,"column":17}},"3":{"start":{"line":42,"column":4},"end":{"line":42,"column":null}},"4":{"start":{"line":43,"column":4},"end":{"line":43,"column":null}},"5":{"start":{"line":47,"column":4},"end":{"line":47,"column":null}},"6":{"start":{"line":48,"column":4},"end":{"line":48,"column":null}},"7":{"start":{"line":49,"column":4},"end":{"line":49,"column":null}},"8":{"start":{"line":52,"column":2},"end":{"line":82,"column":null}}},"fnMap":{"0":{"name":"RHFDialogForm","decl":{"start":{"line":17,"column":16},"end":{"line":17,"column":53}},"loc":{"start":{"line":26,"column":26},"end":{"line":82,"column":null}},"line":26},"1":{"name":"handleCancel","decl":{"start":{"line":41,"column":11},"end":{"line":41,"column":26}},"loc":{"start":{"line":41,"column":26},"end":{"line":43,"column":null}},"line":41},"2":{"name":"handleSubmit","decl":{"start":{"line":46,"column":17},"end":{"line":46,"column":30}},"loc":{"start":{"line":46,"column":39},"end":{"line":49,"column":null}},"line":46}},"branchMap":{"0":{"loc":{"start":{"line":55,"column":9},"end":{"line":55,"column":null}},"type":"cond-expr","locations":[{"start":{"line":55,"column":39},"end":{"line":55,"column":null}},{"start":{"line":55,"column":68},"end":{"line":55,"column":null}}],"line":55},"1":{"loc":{"start":{"line":60,"column":11},"end":{"line":61,"column":null}},"type":"binary-expr","locations":[{"start":{"line":60,"column":11},"end":{"line":60,"column":26}},{"start":{"line":60,"column":26},"end":{"line":61,"column":null}}],"line":60}},"s":{"0":0,"1":0,"2":0,"3":0,"4":0,"5":0,"6":0,"7":0,"8":0},"f":{"0":0,"1":0,"2":0},"b":{"0":[0,0],"1":[0,0]},"meta":{"lastBranch":2,"lastFunction":3,"lastStatement":9,"seen":{"f:17:16:17:53":0,"s:27:26:27:47":0,"s:28:10:28:40":1,"s:38:4:39:17":2,"f:41:11:41:26":1,"s:42:4:42:Infinity":3,"s:43:4:43:Infinity":4,"f:46:17:46:30":2,"s:47:4:47:Infinity":5,"s:48:4:48:Infinity":6,"s:49:4:49:Infinity":7,"s:52:2:82:Infinity":8,"b:55:39:55:Infinity:55:68:55:Infinity":0,"b:60:11:60:26:60:26:61:Infinity":1}}}
,"/media/taha/work/published-npm-packs/rhf-form/src/components/forms/rhf-form-section.tsx": {"path":"/media/taha/work/published-npm-packs/rhf-form/src/components/forms/rhf-form-section.tsx","statementMap":{"0":{"start":{"line":18,"column":10},"end":{"line":18,"column":36}},"1":{"start":{"line":19,"column":2},"end":{"line":33,"column":null}}},"fnMap":{"0":{"name":"RHFFormSection","decl":{"start":{"line":12,"column":16},"end":{"line":12,"column":31}},"loc":{"start":{"line":17,"column":21},"end":{"line":33,"column":null}},"line":17}},"branchMap":{},"s":{"0":0,"1":0},"f":{"0":0},"b":{},"meta":{"lastBranch":0,"lastFunction":1,"lastStatement":2,"seen":{"f:12:16:12:31":0,"s:18:10:18:36":0,"s:19:2:33:Infinity":1}}}
,"/media/taha/work/published-npm-packs/rhf-form/src/providers/form-config-provider.tsx": {"path":"/media/taha/work/published-npm-packs/rhf-form/src/providers/form-config-provider.tsx","statementMap":{"0":{"start":{"line":85,"column":42},"end":{"line":90,"column":null}},"1":{"start":{"line":92,"column":6},"end":{"line":92,"column":75}},"2":{"start":{"line":103,"column":2},"end":{"line":111,"column":null}},"3":{"start":{"line":116,"column":8},"end":{"line":116,"column":47}},"4":{"start":{"line":117,"column":2},"end":{"line":117,"column":null}},"5":{"start":{"line":117,"column":16},"end":{"line":117,"column":null}},"6":{"start":{"line":118,"column":2},"end":{"line":118,"column":null}},"7":{"start":{"line":122,"column":8},"end":{"line":122,"column":47}},"8":{"start":{"line":123,"column":2},"end":{"line":126,"column":null}},"9":{"start":{"line":124,"column":4},"end":{"line":126,"column":null}},"10":{"start":{"line":128,"column":2},"end":{"line":128,"column":null}}},"fnMap":{"0":{"name":"FormConfigProvider","decl":{"start":{"line":94,"column":16},"end":{"line":94,"column":35}},"loc":{"start":{"line":102,"column":3},"end":{"line":111,"column":null}},"line":102},"1":{"name":"useFormConfig","decl":{"start":{"line":115,"column":16},"end":{"line":115,"column":32}},"loc":{"start":{"line":115,"column":32},"end":{"line":118,"column":null}},"line":115},"2":{"name":"useFormUI","decl":{"start":{"line":121,"column":16},"end":{"line":121,"column":28}},"loc":{"start":{"line":121,"column":28},"end":{"line":128,"column":null}},"line":121}},"branchMap":{"0":{"loc":{"start":{"line":117,"column":2},"end":{"line":117,"column":null}},"type":"if","locations":[{"start":{"line":117,"column":2},"end":{"line":117,"column":null}},{"start":{},"end":{}}],"line":117},"1":{"loc":{"start":{"line":123,"column":2},"end":{"line":126,"column":null}},"type":"if","locations":[{"start":{"line":123,"column":2},"end":{"line":126,"column":null}},{"start":{},"end":{}}],"line":123}},"s":{"0":3,"1":3,"2":8,"3":0,"4":0,"5":0,"6":0,"7":10,"8":10,"9":0,"10":10},"f":{"0":8,"1":0,"2":10},"b":{"0":[0,0],"1":[0,10]},"meta":{"lastBranch":2,"lastFunction":3,"lastStatement":11,"seen":{"s:85:42:90:Infinity":0,"s:92:6:92:75":1,"f:94:16:94:35":0,"s:103:2:111:Infinity":2,"f:115:16:115:32":1,"s:116:8:116:47":3,"b:117:2:117:Infinity:undefined:undefined:undefined:undefined":0,"s:117:2:117:Infinity":4,"s:117:16:117:Infinity":5,"s:118:2:118:Infinity":6,"f:121:16:121:28":2,"s:122:8:122:47":7,"b:123:2:126:Infinity:undefined:undefined:undefined:undefined":1,"s:123:2:126:Infinity":8,"s:124:4:126:Infinity":9,"s:128:2:128:Infinity":10}}}
,"/media/taha/work/published-npm-packs/rhf-form/src/utils/cn.ts": {"path":"/media/taha/work/published-npm-packs/rhf-form/src/utils/cn.ts","statementMap":{"0":{"start":{"line":5,"column":2},"end":{"line":5,"column":null}}},"fnMap":{"0":{"name":"cn","decl":{"start":{"line":4,"column":16},"end":{"line":4,"column":19}},"loc":{"start":{"line":4,"column":44},"end":{"line":5,"column":null}},"line":4}},"branchMap":{},"s":{"0":24},"f":{"0":24},"b":{},"meta":{"lastBranch":0,"lastFunction":1,"lastStatement":1,"seen":{"f:4:16:4:19":0,"s:5:2:5:Infinity":0}}}
}
